#
# There is insufficient memory for the Java Runtime Environment to continue.
# Native memory allocation (malloc) failed to allocate 2070416 bytes for Chunk::new
# Possible reasons:
#   The system is out of physical RAM or swap space
#   The process is running with CompressedOops enabled, and the Java Heap may be blocking the growth of the native heap
# Possible solutions:
#   Reduce memory load on the system
#   Increase physical memory or swap space
#   Check if swap backing store is full
#   Decrease Java heap size (-Xmx/-Xms)
#   Decrease number of Java threads
#   Decrease Java thread stack sizes (-Xss)
#   Set larger code cache with -XX:ReservedCodeCacheSize=
#   JVM is running with Unscaled Compressed Oops mode in which the Java heap is
#     placed in the first 4GB address space. The Java Heap base address is the
#     maximum limit for the native heap growth. Please use -XX:HeapBaseMinAddress
#     to set the Java Heap base and to place the Java Heap above 4GB virtual address.
# This output file may be truncated or incomplete.
#
#  Out of Memory Error (./src/hotspot/share/memory/arena.cpp:197), pid=10488, tid=3912
#
# JRE version: OpenJDK Runtime Environment (11.0.12+7) (build 11.0.12+7-b1504.28-7817840)
# Java VM: OpenJDK 64-Bit Server VM (11.0.12+7-b1504.28-7817840, mixed mode, tiered, compressed oops, g1 gc, windows-amd64)
# No core dump will be written. Minidumps are not enabled by default on client versions of Windows
#

---------------  S U M M A R Y ------------

Command Line: -XX:MaxMetaspaceSize=256m -XX:+HeapDumpOnOutOfMemoryError --add-opens=java.base/java.util=ALL-UNNAMED --add-opens=java.base/java.lang=ALL-UNNAMED --add-opens=java.base/java.lang.invoke=ALL-UNNAMED --add-opens=java.base/java.util=ALL-UNNAMED --add-opens=java.prefs/java.util.prefs=ALL-UNNAMED --add-opens=java.prefs/java.util.prefs=ALL-UNNAMED --add-opens=java.base/java.nio.charset=ALL-UNNAMED --add-opens=java.base/java.net=ALL-UNNAMED --add-opens=java.base/java.util.concurrent.atomic=ALL-UNNAMED -Xms256m -Xmx512m -Dfile.encoding=windows-1252 -Duser.country=IN -Duser.language=en -Duser.variant org.gradle.launcher.daemon.bootstrap.GradleDaemon 7.3.3

Host: Intel(R) Core(TM) i5-8300H CPU @ 2.30GHz, 8 cores, 7G,  Windows 10 , 64 bit Build 18362 (10.0.18362.329)
Time: Thu Sep 15 15:14:34 2022 India Standard Time elapsed time: 2346.247817 seconds (0d 0h 39m 6s)

---------------  T H R E A D  ---------------

Current thread (0x000002332401c800):  JavaThread "C2 CompilerThread1" daemon [_thread_in_native, id=3912, stack(0x000000ba80b00000,0x000000ba80c00000)]


Current CompileTask:
C2:2346247 23322 %     4       com.android.tools.r8.internal.uJ::a @ 331 (447 bytes)

Stack: [0x000000ba80b00000,0x000000ba80c00000]
Native frames: (J=compiled Java code, j=interpreted, Vv=VM code, C=native code)
V  [jvm.dll+0x5fbcea]
V  [jvm.dll+0x731905]
V  [jvm.dll+0x732f1d]
V  [jvm.dll+0x7335d3]
V  [jvm.dll+0x247bf8]
V  [jvm.dll+0xc018c]
V  [jvm.dll+0xc06cc]
V  [jvm.dll+0x35b2db]
V  [jvm.dll+0x328803]
V  [jvm.dll+0x327cfa]
V  [jvm.dll+0x200602]
V  [jvm.dll+0x1ff794]
V  [jvm.dll+0x18868c]
V  [jvm.dll+0x20e0d7]
V  [jvm.dll+0x20c901]
V  [jvm.dll+0x6f9b7f]
V  [jvm.dll+0x6f26a5]
V  [jvm.dll+0x5fabf6]
C  [ucrtbase.dll+0x20e72]
C  [KERNEL32.DLL+0x17bd4]
C  [ntdll.dll+0x6ced1]


---------------  P R O C E S S  ---------------

Threads class SMR info:
_java_thread_list=0x000002332c04e790, length=135, elements={
0x0000023309d9e800, 0x0000023322888000, 0x00000233230a0800, 0x00000233230f4000,
0x00000233230f7000, 0x00000233230f8000, 0x00000233230ff000, 0x0000023323101800,
0x0000023323107800, 0x0000023323270000, 0x00000233246e9800, 0x00000233246de800,
0x000002332349e800, 0x0000023325e51000, 0x0000023325e52800, 0x0000023325e53800,
0x0000023325e4e800, 0x0000023325e55000, 0x0000023325e50000, 0x0000023325e4f800,
0x000002332535c000, 0x0000023325359800, 0x0000023325357800, 0x0000023325357000,
0x000002332535b000, 0x000002332535c800, 0x0000023325360800, 0x0000023325364800,
0x000002332ad0e000, 0x000002332ad13000, 0x000002332ad11800, 0x000002332ad10800,
0x000002332ad14000, 0x000002332ad18000, 0x000002332ad12800, 0x000002332ad1b800,
0x000002332ad19000, 0x000002332ad1a800, 0x000002332ad1c000, 0x000002332ad19800,
0x000002332ad1d000, 0x000002332535d800, 0x0000023325358800, 0x0000023325360000,
0x000002332535a000, 0x0000023325364000, 0x0000023325365800, 0x0000023325361800,
0x0000023325362800, 0x0000023325e51800, 0x0000023325e54000, 0x000002332a783800,
0x000002332a781000, 0x000002332a782800, 0x000002332a784000, 0x000002332a781800,
0x000002332a77e800, 0x000002332a785000, 0x000002332a77f800, 0x000002332a780000,
0x00000233291f8000, 0x00000233291fc000, 0x00000233291f9800, 0x00000233291f7000,
0x00000233291fb000, 0x00000233291f8800, 0x00000233291fa000, 0x00000233291fc800,
0x00000233291fd800, 0x000002332e981800, 0x000002332e97e000, 0x000002332e980800,
0x000002332e980000, 0x000002332e97f000, 0x000002332e97b800, 0x000002332e982800,
0x000002332e97c800, 0x000002332e97d800, 0x000002332334f000, 0x000002332334e000,
0x0000023323350000, 0x0000023323350800, 0x0000023323351800, 0x0000023323352000,
0x000002332334c800, 0x0000023323353000, 0x000002332334d800, 0x000002332a2a7000,
0x000002332a2a7800, 0x000002332a2ab000, 0x000002332a2a5000, 0x000002332a2ab800,
0x000002332a2a6000, 0x000002332a2ac800, 0x000002332a2ad800, 0x000002332a2ae000,
0x000002332a2a8800, 0x000002332a2af000, 0x000002332a2a9800, 0x000002332a2b0000,
0x000002332a2aa000, 0x000002332a2b4000, 0x000002332a2b3000, 0x000002332a2b0800,
0x000002332a2b1800, 0x000002332a2b2800, 0x000002332a974000, 0x000002332a971000,
0x000002332a96e800, 0x000002332a975000, 0x000002332a96f000, 0x000002332a971800,
0x000002332a970000, 0x000002332a975800, 0x000002332a976800, 0x000002332a973800,
0x000002332a978000, 0x000002332a977800, 0x000002332a972800, 0x000002332a97d000,
0x000002332a97a000, 0x000002332a97b800, 0x000002332a97c800, 0x000002332a979000,
0x000002332a97a800, 0x000002332b5a2000, 0x000002332b5a2800, 0x000002332b5a5000,
0x000002332b5a1000, 0x000002332b5a6000, 0x000002332b5a3800, 0x000002332b5a8800,
0x000002332b5ae000, 0x000002332401c800, 0x0000023330754000
}

Java Threads: ( => current thread )
  0x0000023309d9e800 JavaThread "main" [_thread_blocked, id=2776, stack(0x000000bafad00000,0x000000bafae00000)]
  0x0000023322888000 JavaThread "Reference Handler" daemon [_thread_blocked, id=4668, stack(0x000000bafb400000,0x000000bafb500000)]
  0x00000233230a0800 JavaThread "Finalizer" daemon [_thread_blocked, id=10472, stack(0x000000bafb500000,0x000000bafb600000)]
  0x00000233230f4000 JavaThread "Signal Dispatcher" daemon [_thread_blocked, id=8984, stack(0x000000bafb600000,0x000000bafb700000)]
  0x00000233230f7000 JavaThread "Attach Listener" daemon [_thread_blocked, id=3224, stack(0x000000bafb700000,0x000000bafb800000)]
  0x00000233230f8000 JavaThread "Service Thread" daemon [_thread_blocked, id=2216, stack(0x000000bafb800000,0x000000bafb900000)]
  0x00000233230ff000 JavaThread "C2 CompilerThread0" daemon [_thread_in_vm, id=6264, stack(0x000000bafb900000,0x000000bafba00000)]
  0x0000023323101800 JavaThread "C1 CompilerThread0" daemon [_thread_in_native, id=10380, stack(0x000000bafba00000,0x000000bafbb00000)]
  0x0000023323107800 JavaThread "Sweeper thread" daemon [_thread_blocked, id=12012, stack(0x000000bafbb00000,0x000000bafbc00000)]
  0x0000023323270000 JavaThread "Common-Cleaner" daemon [_thread_blocked, id=10412, stack(0x000000bafbc00000,0x000000bafbd00000)]
  0x00000233246e9800 JavaThread "Daemon health stats" [_thread_blocked, id=4296, stack(0x000000bafc500000,0x000000bafc600000)]
  0x00000233246de800 JavaThread "Incoming local TCP Connector on port 51099" [_thread_in_native, id=2964, stack(0x000000bafbe00000,0x000000bafbf00000)]
  0x000002332349e800 JavaThread "Daemon periodic checks" [_thread_blocked, id=6384, stack(0x000000bafc400000,0x000000bafc500000)]
  0x0000023325e51000 JavaThread "Cache worker for journal cache (C:\Users\lenovo\.gradle\caches\journal-1)" [_thread_blocked, id=6780, stack(0x000000bafd000000,0x000000bafd100000)]
  0x0000023325e52800 JavaThread "File lock request listener" [_thread_in_native, id=3784, stack(0x000000bafd100000,0x000000bafd200000)]
  0x0000023325e53800 JavaThread "Cache worker for file hash cache (C:\Users\lenovo\.gradle\caches\7.3.3\fileHashes)" [_thread_blocked, id=11292, stack(0x000000bafd300000,0x000000bafd400000)]
  0x0000023325e4e800 JavaThread "File watcher server" daemon [_thread_in_native, id=9248, stack(0x000000bafd500000,0x000000bafd600000)]
  0x0000023325e55000 JavaThread "File watcher consumer" daemon [_thread_blocked, id=8596, stack(0x000000bafd600000,0x000000bafd700000)]
  0x0000023325e50000 JavaThread "jar transforms" [_thread_blocked, id=6268, stack(0x000000bafd800000,0x000000bafd900000)]
  0x0000023325e4f800 JavaThread "jar transforms Thread 2" [_thread_blocked, id=5116, stack(0x000000bafd900000,0x000000bafda00000)]
  0x000002332535c000 JavaThread "jar transforms Thread 3" [_thread_blocked, id=9072, stack(0x000000bafda00000,0x000000bafdb00000)]
  0x0000023325359800 JavaThread "jar transforms Thread 4" [_thread_blocked, id=3880, stack(0x000000bafdb00000,0x000000bafdc00000)]
  0x0000023325357800 JavaThread "jar transforms Thread 5" [_thread_blocked, id=10652, stack(0x000000bafdc00000,0x000000bafdd00000)]
  0x0000023325357000 JavaThread "jar transforms Thread 6" [_thread_blocked, id=10624, stack(0x000000bafdd00000,0x000000bafde00000)]
  0x000002332535b000 JavaThread "jar transforms Thread 7" [_thread_blocked, id=10636, stack(0x000000bafde00000,0x000000bafdf00000)]
  0x000002332535c800 JavaThread "jar transforms Thread 8" [_thread_blocked, id=10644, stack(0x000000bafdf00000,0x000000bafe000000)]
  0x0000023325360800 JavaThread "Cache worker for execution history cache (C:\Users\lenovo\.gradle\caches\7.3.3\executionHistory)" [_thread_blocked, id=4556, stack(0x000000bafe300000,0x000000bafe400000)]
  0x0000023325364800 JavaThread "Cache worker for file content cache (C:\Users\lenovo\.gradle\caches\7.3.3\fileContent)" [_thread_blocked, id=4048, stack(0x000000bafe400000,0x000000bafe500000)]
  0x000002332ad0e000 JavaThread "Memory manager" [_thread_blocked, id=12252, stack(0x000000ba83a00000,0x000000ba83b00000)]
  0x000002332ad13000 JavaThread "Daemon Thread 2" [_thread_blocked, id=13556, stack(0x000000ba80000000,0x000000ba80100000)]
  0x000002332ad11800 JavaThread "Handler for socket connection from /127.0.0.1:51099 to /127.0.0.1:51892" [_thread_in_native, id=3524, stack(0x000000ba80100000,0x000000ba80200000)]
  0x000002332ad10800 JavaThread "Cancel handler" [_thread_blocked, id=15112, stack(0x000000ba80300000,0x000000ba80400000)]
  0x000002332ad14000 JavaThread "Daemon worker Thread 2" [_thread_blocked, id=5232, stack(0x000000ba80500000,0x000000ba80600000)]
  0x000002332ad18000 JavaThread "Asynchronous log dispatcher for DefaultDaemonConnection: socket connection from /127.0.0.1:51099 to /127.0.0.1:51892" [_thread_blocked, id=14768, stack(0x000000ba80600000,0x000000ba80700000)]
  0x000002332ad12800 JavaThread "Stdin handler" [_thread_blocked, id=15064, stack(0x000000ba80800000,0x000000ba80900000)]
  0x000002332ad1b800 JavaThread "Daemon client event forwarder" [_thread_blocked, id=4388, stack(0x000000ba80900000,0x000000ba80a00000)]
  0x000002332ad19000 JavaThread "Cache worker for file hash cache (C:\Users\lenovo\AndroidStudioProjects\ud851-Sunshine-student\S12.04-Solution-ResourceQualifiers\.gradle\7.3.3\fileHashes)" [_thread_blocked, id=7428, stack(0x000000ba80a00000,0x000000ba80b00000)]
  0x000002332ad1a800 JavaThread "Cache worker for checksums cache (C:\Users\lenovo\AndroidStudioProjects\ud851-Sunshine-student\S12.04-Solution-ResourceQualifiers\.gradle\7.3.3\checksums)" [_thread_blocked, id=4528, stack(0x000000ba80d00000,0x000000ba80e00000)]
  0x000002332ad1c000 JavaThread "Cache worker for cache directory md-supplier (C:\Users\lenovo\.gradle\caches\7.3.3\md-supplier)" [_thread_blocked, id=3532, stack(0x000000ba80e00000,0x000000ba80f00000)]
  0x000002332ad19800 JavaThread "Cache worker for cache directory md-rule (C:\Users\lenovo\.gradle\caches\7.3.3\md-rule)" [_thread_blocked, id=14796, stack(0x000000ba80f00000,0x000000ba81000000)]
  0x000002332ad1d000 JavaThread "Cache worker for dependencies-accessors (C:\Users\lenovo\AndroidStudioProjects\ud851-Sunshine-student\S12.04-Solution-ResourceQualifiers\.gradle\7.3.3\dependencies-accessors)" [_thread_blocked, id=14876, stack(0x000000ba81000000,0x000000ba81100000)]
  0x000002332535d800 JavaThread "Cache worker for Build Output Cleanup Cache (C:\Users\lenovo\AndroidStudioProjects\ud851-Sunshine-student\S12.04-Solution-ResourceQualifiers\.gradle\buildOutputCleanup)" [_thread_blocked, id=1000, stack(0x000000ba81100000,0x000000ba81200000)]
  0x0000023325358800 JavaThread "Unconstrained build operations" [_thread_in_Java, id=10592, stack(0x000000ba81200000,0x000000ba81300000)]
  0x0000023325360000 JavaThread "Unconstrained build operations Thread 2" [_thread_blocked, id=1428, stack(0x000000ba81300000,0x000000ba81400000)]
  0x000002332535a000 JavaThread "Unconstrained build operations Thread 3" [_thread_blocked, id=8980, stack(0x000000ba81400000,0x000000ba81500000)]
  0x0000023325364000 JavaThread "Unconstrained build operations Thread 4" [_thread_blocked, id=7980, stack(0x000000ba81500000,0x000000ba81600000)]
  0x0000023325365800 JavaThread "Unconstrained build operations Thread 5" [_thread_blocked, id=10448, stack(0x000000ba81600000,0x000000ba81700000)]
  0x0000023325361800 JavaThread "Unconstrained build operations Thread 6" [_thread_blocked, id=8052, stack(0x000000ba81700000,0x000000ba81800000)]
  0x0000023325362800 JavaThread "Unconstrained build operations Thread 7" [_thread_blocked, id=8412, stack(0x000000ba81800000,0x000000ba81900000)]
  0x0000023325e51800 JavaThread "Unconstrained build operations Thread 8" [_thread_blocked, id=6064, stack(0x000000ba81900000,0x000000ba81a00000)]
  0x0000023325e54000 JavaThread "Unconstrained build operations Thread 9" [_thread_blocked, id=10016, stack(0x000000ba81a00000,0x000000ba81b00000)]
  0x000002332a783800 JavaThread "Unconstrained build operations Thread 10" [_thread_blocked, id=420, stack(0x000000ba81b00000,0x000000ba81c00000)]
  0x000002332a781000 JavaThread "Unconstrained build operations Thread 11" [_thread_blocked, id=11032, stack(0x000000ba81c00000,0x000000ba81d00000)]
  0x000002332a782800 JavaThread "Unconstrained build operations Thread 12" [_thread_blocked, id=11012, stack(0x000000ba81d00000,0x000000ba81e00000)]
  0x000002332a784000 JavaThread "Unconstrained build operations Thread 13" [_thread_blocked, id=1284, stack(0x000000ba81e00000,0x000000ba81f00000)]
  0x000002332a781800 JavaThread "Unconstrained build operations Thread 14" [_thread_blocked, id=5532, stack(0x000000ba81f00000,0x000000ba82000000)]
  0x000002332a77e800 JavaThread "Unconstrained build operations Thread 15" [_thread_blocked, id=10980, stack(0x000000ba82000000,0x000000ba82100000)]
  0x000002332a785000 JavaThread "Unconstrained build operations Thread 16" [_thread_blocked, id=8720, stack(0x000000ba82100000,0x000000ba82200000)]
  0x000002332a77f800 JavaThread "Unconstrained build operations Thread 17" [_thread_blocked, id=15136, stack(0x000000ba82200000,0x000000ba82300000)]
  0x000002332a780000 JavaThread "Unconstrained build operations Thread 18" [_thread_blocked, id=9080, stack(0x000000ba82300000,0x000000ba82400000)]
  0x00000233291f8000 JavaThread "Unconstrained build operations Thread 19" [_thread_blocked, id=11304, stack(0x000000ba82400000,0x000000ba82500000)]
  0x00000233291fc000 JavaThread "Unconstrained build operations Thread 20" [_thread_blocked, id=14716, stack(0x000000ba82500000,0x000000ba82600000)]
  0x00000233291f9800 JavaThread "Unconstrained build operations Thread 21" [_thread_blocked, id=4364, stack(0x000000ba82600000,0x000000ba82700000)]
  0x00000233291f7000 JavaThread "Unconstrained build operations Thread 22" [_thread_blocked, id=13508, stack(0x000000ba82700000,0x000000ba82800000)]
  0x00000233291fb000 JavaThread "Unconstrained build operations Thread 23" [_thread_blocked, id=2844, stack(0x000000ba82800000,0x000000ba82900000)]
  0x00000233291f8800 JavaThread "Unconstrained build operations Thread 24" [_thread_blocked, id=14456, stack(0x000000ba82900000,0x000000ba82a00000)]
  0x00000233291fa000 JavaThread "Unconstrained build operations Thread 25" [_thread_blocked, id=14952, stack(0x000000ba82a00000,0x000000ba82b00000)]
  0x00000233291fc800 JavaThread "Unconstrained build operations Thread 26" [_thread_blocked, id=15328, stack(0x000000ba82b00000,0x000000ba82c00000)]
  0x00000233291fd800 JavaThread "Unconstrained build operations Thread 27" [_thread_blocked, id=8860, stack(0x000000ba82c00000,0x000000ba82d00000)]
  0x000002332e981800 JavaThread "Unconstrained build operations Thread 28" [_thread_in_Java, id=13920, stack(0x000000ba82d00000,0x000000ba82e00000)]
  0x000002332e97e000 JavaThread "Unconstrained build operations Thread 29" [_thread_blocked, id=15260, stack(0x000000ba82e00000,0x000000ba82f00000)]
  0x000002332e980800 JavaThread "Unconstrained build operations Thread 30" [_thread_blocked, id=13020, stack(0x000000ba82f00000,0x000000ba83000000)]
  0x000002332e980000 JavaThread "Unconstrained build operations Thread 31" [_thread_blocked, id=14668, stack(0x000000ba83000000,0x000000ba83100000)]
  0x000002332e97f000 JavaThread "Unconstrained build operations Thread 32" [_thread_blocked, id=15148, stack(0x000000ba83100000,0x000000ba83200000)]
  0x000002332e97b800 JavaThread "Unconstrained build operations Thread 33" [_thread_blocked, id=14740, stack(0x000000ba83200000,0x000000ba83300000)]
  0x000002332e982800 JavaThread "Unconstrained build operations Thread 34" [_thread_blocked, id=15204, stack(0x000000ba83300000,0x000000ba83400000)]
  0x000002332e97c800 JavaThread "Unconstrained build operations Thread 35" [_thread_blocked, id=13824, stack(0x000000ba83400000,0x000000ba83500000)]
  0x000002332e97d800 JavaThread "Unconstrained build operations Thread 36" [_thread_blocked, id=14816, stack(0x000000ba83500000,0x000000ba83600000)]
  0x000002332334f000 JavaThread "Unconstrained build operations Thread 37" [_thread_blocked, id=16032, stack(0x000000ba83600000,0x000000ba83700000)]
  0x000002332334e000 JavaThread "Unconstrained build operations Thread 38" [_thread_blocked, id=15560, stack(0x000000ba83700000,0x000000ba83800000)]
  0x0000023323350000 JavaThread "Unconstrained build operations Thread 39" [_thread_blocked, id=14828, stack(0x000000ba83800000,0x000000ba83900000)]
  0x0000023323350800 JavaThread "Unconstrained build operations Thread 40" [_thread_blocked, id=12596, stack(0x000000ba83900000,0x000000ba83a00000)]
  0x0000023323351800 JavaThread "Unconstrained build operations Thread 41" [_thread_blocked, id=15096, stack(0x000000ba83b00000,0x000000ba83c00000)]
  0x0000023323352000 JavaThread "Unconstrained build operations Thread 42" [_thread_in_Java, id=15108, stack(0x000000ba83c00000,0x000000ba83d00000)]
  0x000002332334c800 JavaThread "Unconstrained build operations Thread 43" [_thread_in_Java, id=13904, stack(0x000000ba83d00000,0x000000ba83e00000)]
  0x0000023323353000 JavaThread "Unconstrained build operations Thread 44" [_thread_blocked, id=14232, stack(0x000000ba83e00000,0x000000ba83f00000)]
  0x000002332334d800 JavaThread "Unconstrained build operations Thread 45" [_thread_blocked, id=14532, stack(0x000000ba83f00000,0x000000ba84000000)]
  0x000002332a2a7000 JavaThread "Unconstrained build operations Thread 46" [_thread_blocked, id=14708, stack(0x000000ba84000000,0x000000ba84100000)]
  0x000002332a2a7800 JavaThread "Unconstrained build operations Thread 47" [_thread_blocked, id=14652, stack(0x000000ba84100000,0x000000ba84200000)]
  0x000002332a2ab000 JavaThread "Unconstrained build operations Thread 48" [_thread_in_vm, id=14712, stack(0x000000ba84200000,0x000000ba84300000)]
  0x000002332a2a5000 JavaThread "Unconstrained build operations Thread 49" [_thread_blocked, id=14656, stack(0x000000ba84300000,0x000000ba84400000)]
  0x000002332a2ab800 JavaThread "Unconstrained build operations Thread 50" [_thread_blocked, id=14660, stack(0x000000ba84400000,0x000000ba84500000)]
  0x000002332a2a6000 JavaThread "Unconstrained build operations Thread 51" [_thread_blocked, id=14620, stack(0x000000ba84500000,0x000000ba84600000)]
  0x000002332a2ac800 JavaThread "Unconstrained build operations Thread 52" [_thread_blocked, id=14616, stack(0x000000ba84600000,0x000000ba84700000)]
  0x000002332a2ad800 JavaThread "Unconstrained build operations Thread 53" [_thread_blocked, id=11536, stack(0x000000ba84700000,0x000000ba84800000)]
  0x000002332a2ae000 JavaThread "Unconstrained build operations Thread 54" [_thread_blocked, id=14632, stack(0x000000ba84800000,0x000000ba84900000)]
  0x000002332a2a8800 JavaThread "Unconstrained build operations Thread 55" [_thread_blocked, id=14648, stack(0x000000ba84900000,0x000000ba84a00000)]
  0x000002332a2af000 JavaThread "Unconstrained build operations Thread 56" [_thread_blocked, id=14744, stack(0x000000ba84a00000,0x000000ba84b00000)]
  0x000002332a2a9800 JavaThread "Unconstrained build operations Thread 57" [_thread_blocked, id=14756, stack(0x000000ba84b00000,0x000000ba84c00000)]
  0x000002332a2b0000 JavaThread "Unconstrained build operations Thread 58" [_thread_blocked, id=14760, stack(0x000000ba84c00000,0x000000ba84d00000)]
  0x000002332a2aa000 JavaThread "Unconstrained build operations Thread 59" [_thread_blocked, id=14784, stack(0x000000ba84d00000,0x000000ba84e00000)]
  0x000002332a2b4000 JavaThread "Unconstrained build operations Thread 60" [_thread_blocked, id=14944, stack(0x000000ba84e00000,0x000000ba84f00000)]
  0x000002332a2b3000 JavaThread "Unconstrained build operations Thread 61" [_thread_blocked, id=15988, stack(0x000000ba84f00000,0x000000ba85000000)]
  0x000002332a2b0800 JavaThread "Unconstrained build operations Thread 62" [_thread_blocked, id=15980, stack(0x000000ba85000000,0x000000ba85100000)]
  0x000002332a2b1800 JavaThread "Unconstrained build operations Thread 63" [_thread_blocked, id=14556, stack(0x000000ba85100000,0x000000ba85200000)]
  0x000002332a2b2800 JavaThread "Unconstrained build operations Thread 64" [_thread_blocked, id=15976, stack(0x000000ba85200000,0x000000ba85300000)]
  0x000002332a974000 JavaThread "Unconstrained build operations Thread 65" [_thread_blocked, id=15004, stack(0x000000ba85300000,0x000000ba85400000)]
  0x000002332a971000 JavaThread "Unconstrained build operations Thread 66" [_thread_blocked, id=15028, stack(0x000000ba85400000,0x000000ba85500000)]
  0x000002332a96e800 JavaThread "Unconstrained build operations Thread 67" [_thread_blocked, id=15020, stack(0x000000ba85500000,0x000000ba85600000)]
  0x000002332a975000 JavaThread "Unconstrained build operations Thread 68" [_thread_blocked, id=14328, stack(0x000000ba85600000,0x000000ba85700000)]
  0x000002332a96f000 JavaThread "Unconstrained build operations Thread 69" [_thread_in_Java, id=16136, stack(0x000000ba85700000,0x000000ba85800000)]
  0x000002332a971800 JavaThread "Unconstrained build operations Thread 70" [_thread_blocked, id=15016, stack(0x000000ba85800000,0x000000ba85900000)]
  0x000002332a970000 JavaThread "Unconstrained build operations Thread 71" [_thread_blocked, id=15008, stack(0x000000ba85900000,0x000000ba85a00000)]
  0x000002332a975800 JavaThread "Unconstrained build operations Thread 72" [_thread_blocked, id=10780, stack(0x000000ba85a00000,0x000000ba85b00000)]
  0x000002332a976800 JavaThread "Unconstrained build operations Thread 73" [_thread_blocked, id=3232, stack(0x000000ba85b00000,0x000000ba85c00000)]
  0x000002332a973800 JavaThread "Unconstrained build operations Thread 74" [_thread_blocked, id=13672, stack(0x000000ba85c00000,0x000000ba85d00000)]
  0x000002332a978000 JavaThread "Unconstrained build operations Thread 75" [_thread_blocked, id=14688, stack(0x000000ba85d00000,0x000000ba85e00000)]
  0x000002332a977800 JavaThread "Unconstrained build operations Thread 76" [_thread_blocked, id=14692, stack(0x000000ba85e00000,0x000000ba85f00000)]
  0x000002332a972800 JavaThread "Unconstrained build operations Thread 77" [_thread_blocked, id=14016, stack(0x000000ba85f00000,0x000000ba86000000)]
  0x000002332a97d000 JavaThread "Unconstrained build operations Thread 78" [_thread_blocked, id=12624, stack(0x000000ba86000000,0x000000ba86100000)]
  0x000002332a97a000 JavaThread "Unconstrained build operations Thread 79" [_thread_blocked, id=15168, stack(0x000000ba86100000,0x000000ba86200000)]
  0x000002332a97b800 JavaThread "Unconstrained build operations Thread 80" [_thread_blocked, id=15048, stack(0x000000ba86200000,0x000000ba86300000)]
  0x000002332a97c800 JavaThread "build event listener" [_thread_blocked, id=14136, stack(0x000000ba80c00000,0x000000ba80d00000)]
  0x000002332a979000 JavaThread "Execution worker for ':'" [_thread_blocked, id=15936, stack(0x000000ba86300000,0x000000ba86400000)]
  0x000002332a97a800 JavaThread "Execution worker for ':' Thread 2" [_thread_blocked, id=15944, stack(0x000000ba86400000,0x000000ba86500000)]
  0x000002332b5a2000 JavaThread "Execution worker for ':' Thread 3" [_thread_blocked, id=13968, stack(0x000000ba86500000,0x000000ba86600000)]
  0x000002332b5a2800 JavaThread "Execution worker for ':' Thread 4" [_thread_blocked, id=15044, stack(0x000000ba86600000,0x000000ba86700000)]
  0x000002332b5a5000 JavaThread "Execution worker for ':' Thread 5" [_thread_blocked, id=8116, stack(0x000000ba86700000,0x000000ba86800000)]
  0x000002332b5a1000 JavaThread "Execution worker for ':' Thread 6" [_thread_blocked, id=15928, stack(0x000000ba86800000,0x000000ba86900000)]
  0x000002332b5a6000 JavaThread "Execution worker for ':' Thread 7" [_thread_blocked, id=14344, stack(0x000000ba86900000,0x000000ba86a00000)]
  0x000002332b5a3800 JavaThread "Cache worker for execution history cache (C:\Users\lenovo\AndroidStudioProjects\ud851-Sunshine-student\S12.04-Solution-ResourceQualifiers\.gradle\7.3.3\executionHistory)" [_thread_blocked, id=14348, stack(0x000000ba86a00000,0x000000ba86b00000)]
  0x000002332b5a8800 JavaThread "WorkerExecutor Queue Thread 8" [_thread_blocked, id=14360, stack(0x000000ba87400000,0x000000ba87500000)]
  0x000002332b5ae000 JavaThread "Java2D Disposer" daemon [_thread_blocked, id=9420, stack(0x000000ba87600000,0x000000ba87700000)]
=>0x000002332401c800 JavaThread "C2 CompilerThread1" daemon [_thread_in_native, id=3912, stack(0x000000ba80b00000,0x000000ba80c00000)]
  0x0000023330754000 JavaThread "C2 CompilerThread2" daemon [_thread_in_native, id=14192, stack(0x000000ba86b00000,0x000000ba86c00000)]

Other Threads:
  0x0000023322863800 VMThread "VM Thread" [stack: 0x000000bafb300000,0x000000bafb400000] [id=7868]
  0x0000023323279800 WatcherThread [stack: 0x000000bafbd00000,0x000000bafbe00000] [id=2164]
  0x0000023309db7000 GCTaskThread "GC Thread#0" [stack: 0x000000bafae00000,0x000000bafaf00000] [id=7964]
  0x00000233241f9800 GCTaskThread "GC Thread#1" [stack: 0x000000bafbf00000,0x000000bafc000000] [id=11312]
  0x00000233240de800 GCTaskThread "GC Thread#2" [stack: 0x000000bafc000000,0x000000bafc100000] [id=10072]
  0x0000023323e94000 GCTaskThread "GC Thread#3" [stack: 0x000000bafc100000,0x000000bafc200000] [id=9144]
  0x0000023323d92000 GCTaskThread "GC Thread#4" [stack: 0x000000bafc200000,0x000000bafc300000] [id=4876]
  0x0000023323d92800 GCTaskThread "GC Thread#5" [stack: 0x000000bafc300000,0x000000bafc400000] [id=6880]
  0x0000023325ae4800 GCTaskThread "GC Thread#6" [stack: 0x000000bafce00000,0x000000bafcf00000] [id=12140]
  0x0000023325705800 GCTaskThread "GC Thread#7" [stack: 0x000000bafcf00000,0x000000bafd000000] [id=6592]
  0x0000023309dc9000 ConcurrentGCThread "G1 Main Marker" [stack: 0x000000bafaf00000,0x000000bafb000000] [id=6332]
  0x0000023309dca000 ConcurrentGCThread "G1 Conc#0" [stack: 0x000000bafb000000,0x000000bafb100000] [id=10992]
  0x0000023325901800 ConcurrentGCThread "G1 Conc#1" [stack: 0x000000bafd200000,0x000000bafd300000] [id=11020]
  0x0000023309e6d800 ConcurrentGCThread "G1 Refine#0" [stack: 0x000000bafb100000,0x000000bafb200000] [id=2648]
  0x000002332868b800 ConcurrentGCThread "G1 Refine#1" [stack: 0x000000ba80700000,0x000000ba80800000] [id=9344]
  0x000002332868c800 ConcurrentGCThread "G1 Refine#2" [stack: 0x000000ba80200000,0x000000ba80300000] [id=1452]
  0x000002332868d000 ConcurrentGCThread "G1 Refine#3" [stack: 0x000000ba80400000,0x000000ba80500000] [id=9452]
  0x0000023322700800 ConcurrentGCThread "G1 Young RemSet Sampling" [stack: 0x000000bafb200000,0x000000bafb300000] [id=11916]

Threads with active compile tasks:
C2 CompilerThread02346321 24602       4       com.android.tools.r8.graph.d1::a (89 bytes)
C1 CompilerThread02346321 24711       2       com.android.tools.r8.internal.vJ::d (124 bytes)
C2 CompilerThread12346321 23322 %     4       com.android.tools.r8.internal.uJ::a @ 331 (447 bytes)
C2 CompilerThread22346321 24559       4       com.android.tools.r8.internal.g8::a (269 bytes)

VM state:not at safepoint (normal execution)

VM Mutex/Monitor currently owned by a thread: None

Heap address: 0x00000000e0000000, size: 512 MB, Compressed Oops mode: 32-bit
Narrow klass base: 0x0000000000000000, Narrow klass shift: 3
Compressed class space size: 260046848 Address: 0x0000000100000000

Heap:
 garbage-first heap   total 262144K, used 189858K [0x00000000e0000000, 0x0000000100000000)
  region size 1024K, 33 young (33792K), 7 survivors (7168K)
 Metaspace       used 143668K, capacity 147068K, committed 147180K, reserved 382976K
  class space    used 17590K, capacity 18881K, committed 18924K, reserved 253952K
Heap Regions: E=young(eden), S=young(survivor), O=old, HS=humongous(starts), HC=humongous(continues), CS=collection set, F=free, A=archive, TAMS=top-at-mark-start (previous, next)
|   0|0x00000000e0000000, 0x00000000e0100000, 0x00000000e0100000|100%| O|  |TAMS 0x00000000e0100000, 0x00000000e0100000| Untracked 
|   1|0x00000000e0100000, 0x00000000e0200000, 0x00000000e0200000|100%| O|  |TAMS 0x00000000e0200000, 0x00000000e0200000| Untracked 
|   2|0x00000000e0200000, 0x00000000e0300000, 0x00000000e0300000|100%| O|  |TAMS 0x00000000e0300000, 0x00000000e0300000| Untracked 
|   3|0x00000000e0300000, 0x00000000e0400000, 0x00000000e0400000|100%|HS|  |TAMS 0x00000000e0400000, 0x00000000e0400000| Complete 
|   4|0x00000000e0400000, 0x00000000e0500000, 0x00000000e0500000|100%|HC|  |TAMS 0x00000000e0500000, 0x00000000e0500000| Complete 
|   5|0x00000000e0500000, 0x00000000e0600000, 0x00000000e0600000|100%|HC|  |TAMS 0x00000000e0600000, 0x00000000e0600000| Complete 
|   6|0x00000000e0600000, 0x00000000e0700000, 0x00000000e0700000|100%| O|  |TAMS 0x00000000e0700000, 0x00000000e0700000| Untracked 
|   7|0x00000000e0700000, 0x00000000e0800000, 0x00000000e0800000|100%| O|  |TAMS 0x00000000e0800000, 0x00000000e0800000| Untracked 
|   8|0x00000000e0800000, 0x00000000e0900000, 0x00000000e0900000|100%| O|  |TAMS 0x00000000e0900000, 0x00000000e0900000| Untracked 
|   9|0x00000000e0900000, 0x00000000e0a00000, 0x00000000e0a00000|100%| O|  |TAMS 0x00000000e0a00000, 0x00000000e0a00000| Untracked 
|  10|0x00000000e0a00000, 0x00000000e0b00000, 0x00000000e0b00000|100%| O|  |TAMS 0x00000000e0b00000, 0x00000000e0b00000| Untracked 
|  11|0x00000000e0b00000, 0x00000000e0c00000, 0x00000000e0c00000|100%| O|  |TAMS 0x00000000e0c00000, 0x00000000e0c00000| Untracked 
|  12|0x00000000e0c00000, 0x00000000e0d00000, 0x00000000e0d00000|100%| O|  |TAMS 0x00000000e0d00000, 0x00000000e0d00000| Untracked 
|  13|0x00000000e0d00000, 0x00000000e0e00000, 0x00000000e0e00000|100%| O|  |TAMS 0x00000000e0e00000, 0x00000000e0e00000| Untracked 
|  14|0x00000000e0e00000, 0x00000000e0f00000, 0x00000000e0f00000|100%| O|  |TAMS 0x00000000e0f00000, 0x00000000e0f00000| Untracked 
|  15|0x00000000e0f00000, 0x00000000e1000000, 0x00000000e1000000|100%| O|  |TAMS 0x00000000e1000000, 0x00000000e1000000| Untracked 
|  16|0x00000000e1000000, 0x00000000e1100000, 0x00000000e1100000|100%| O|  |TAMS 0x00000000e1100000, 0x00000000e1100000| Untracked 
|  17|0x00000000e1100000, 0x00000000e1200000, 0x00000000e1200000|100%|HS|  |TAMS 0x00000000e1200000, 0x00000000e1200000| Complete 
|  18|0x00000000e1200000, 0x00000000e1300000, 0x00000000e1300000|100%|HC|  |TAMS 0x00000000e1300000, 0x00000000e1300000| Complete 
|  19|0x00000000e1300000, 0x00000000e1400000, 0x00000000e1400000|100%|HS|  |TAMS 0x00000000e1400000, 0x00000000e1400000| Complete 
|  20|0x00000000e1400000, 0x00000000e1500000, 0x00000000e1500000|100%|HC|  |TAMS 0x00000000e1500000, 0x00000000e1500000| Complete 
|  21|0x00000000e1500000, 0x00000000e1600000, 0x00000000e1600000|100%|HC|  |TAMS 0x00000000e1600000, 0x00000000e1600000| Complete 
|  22|0x00000000e1600000, 0x00000000e1700000, 0x00000000e1700000|100%|HS|  |TAMS 0x00000000e1700000, 0x00000000e1700000| Complete 
|  23|0x00000000e1700000, 0x00000000e1800000, 0x00000000e1800000|100%|HS|  |TAMS 0x00000000e1800000, 0x00000000e1800000| Complete 
|  24|0x00000000e1800000, 0x00000000e1900000, 0x00000000e1900000|100%|HC|  |TAMS 0x00000000e1900000, 0x00000000e1900000| Complete 
|  25|0x00000000e1900000, 0x00000000e1a00000, 0x00000000e1a00000|100%|HC|  |TAMS 0x00000000e1a00000, 0x00000000e1a00000| Complete 
|  26|0x00000000e1a00000, 0x00000000e1b00000, 0x00000000e1b00000|100%|HC|  |TAMS 0x00000000e1b00000, 0x00000000e1b00000| Complete 
|  27|0x00000000e1b00000, 0x00000000e1c00000, 0x00000000e1c00000|100%| O|  |TAMS 0x00000000e1c00000, 0x00000000e1c00000| Untracked 
|  28|0x00000000e1c00000, 0x00000000e1d00000, 0x00000000e1d00000|100%| O|  |TAMS 0x00000000e1d00000, 0x00000000e1d00000| Untracked 
|  29|0x00000000e1d00000, 0x00000000e1e00000, 0x00000000e1e00000|100%| O|  |TAMS 0x00000000e1e00000, 0x00000000e1e00000| Untracked 
|  30|0x00000000e1e00000, 0x00000000e1f00000, 0x00000000e1f00000|100%|HS|  |TAMS 0x00000000e1f00000, 0x00000000e1f00000| Complete 
|  31|0x00000000e1f00000, 0x00000000e2000000, 0x00000000e2000000|100%|HS|  |TAMS 0x00000000e2000000, 0x00000000e2000000| Complete 
|  32|0x00000000e2000000, 0x00000000e2100000, 0x00000000e2100000|100%|HC|  |TAMS 0x00000000e2100000, 0x00000000e2100000| Complete 
|  33|0x00000000e2100000, 0x00000000e2200000, 0x00000000e2200000|100%|HC|  |TAMS 0x00000000e2200000, 0x00000000e2200000| Complete 
|  34|0x00000000e2200000, 0x00000000e2300000, 0x00000000e2300000|100%| O|  |TAMS 0x00000000e2300000, 0x00000000e2300000| Untracked 
|  35|0x00000000e2300000, 0x00000000e2400000, 0x00000000e2400000|100%| O|  |TAMS 0x00000000e2400000, 0x00000000e2400000| Untracked 
|  36|0x00000000e2400000, 0x00000000e2500000, 0x00000000e2500000|100%|HS|  |TAMS 0x00000000e2500000, 0x00000000e2500000| Complete 
|  37|0x00000000e2500000, 0x00000000e2600000, 0x00000000e2600000|100%|HC|  |TAMS 0x00000000e2600000, 0x00000000e2600000| Complete 
|  38|0x00000000e2600000, 0x00000000e2700000, 0x00000000e2700000|100%|HC|  |TAMS 0x00000000e2700000, 0x00000000e2700000| Complete 
|  39|0x00000000e2700000, 0x00000000e2800000, 0x00000000e2800000|100%|HC|  |TAMS 0x00000000e2800000, 0x00000000e2800000| Complete 
|  40|0x00000000e2800000, 0x00000000e2900000, 0x00000000e2900000|100%| O|  |TAMS 0x00000000e2900000, 0x00000000e2900000| Untracked 
|  41|0x00000000e2900000, 0x00000000e2a00000, 0x00000000e2a00000|100%| O|  |TAMS 0x00000000e2a00000, 0x00000000e2a00000| Untracked 
|  42|0x00000000e2a00000, 0x00000000e2b00000, 0x00000000e2b00000|100%| O|  |TAMS 0x00000000e2b00000, 0x00000000e2b00000| Untracked 
|  43|0x00000000e2b00000, 0x00000000e2c00000, 0x00000000e2c00000|100%| O|  |TAMS 0x00000000e2c00000, 0x00000000e2c00000| Untracked 
|  44|0x00000000e2c00000, 0x00000000e2d00000, 0x00000000e2d00000|100%| O|  |TAMS 0x00000000e2d00000, 0x00000000e2d00000| Untracked 
|  45|0x00000000e2d00000, 0x00000000e2e00000, 0x00000000e2e00000|100%| O|  |TAMS 0x00000000e2e00000, 0x00000000e2e00000| Untracked 
|  46|0x00000000e2e00000, 0x00000000e2f00000, 0x00000000e2f00000|100%| O|  |TAMS 0x00000000e2f00000, 0x00000000e2f00000| Untracked 
|  47|0x00000000e2f00000, 0x00000000e3000000, 0x00000000e3000000|100%| O|  |TAMS 0x00000000e3000000, 0x00000000e3000000| Untracked 
|  48|0x00000000e3000000, 0x00000000e3100000, 0x00000000e3100000|100%| O|  |TAMS 0x00000000e3100000, 0x00000000e3100000| Untracked 
|  49|0x00000000e3100000, 0x00000000e3200000, 0x00000000e3200000|100%| O|  |TAMS 0x00000000e3200000, 0x00000000e3200000| Untracked 
|  50|0x00000000e3200000, 0x00000000e3300000, 0x00000000e3300000|100%| O|  |TAMS 0x00000000e3300000, 0x00000000e3300000| Untracked 
|  51|0x00000000e3300000, 0x00000000e3400000, 0x00000000e3400000|100%| O|  |TAMS 0x00000000e3400000, 0x00000000e3400000| Untracked 
|  52|0x00000000e3400000, 0x00000000e3500000, 0x00000000e3500000|100%| O|  |TAMS 0x00000000e3500000, 0x00000000e3500000| Untracked 
|  53|0x00000000e3500000, 0x00000000e3600000, 0x00000000e3600000|100%| O|  |TAMS 0x00000000e3600000, 0x00000000e3600000| Untracked 
|  54|0x00000000e3600000, 0x00000000e3700000, 0x00000000e3700000|100%| O|  |TAMS 0x00000000e3700000, 0x00000000e3700000| Untracked 
|  55|0x00000000e3700000, 0x00000000e3800000, 0x00000000e3800000|100%| O|  |TAMS 0x00000000e3800000, 0x00000000e3800000| Untracked 
|  56|0x00000000e3800000, 0x00000000e3900000, 0x00000000e3900000|100%| O|  |TAMS 0x00000000e3900000, 0x00000000e3900000| Untracked 
|  57|0x00000000e3900000, 0x00000000e3a00000, 0x00000000e3a00000|100%| O|  |TAMS 0x00000000e3a00000, 0x00000000e3a00000| Untracked 
|  58|0x00000000e3a00000, 0x00000000e3b00000, 0x00000000e3b00000|100%| O|  |TAMS 0x00000000e3b00000, 0x00000000e3b00000| Untracked 
|  59|0x00000000e3b00000, 0x00000000e3c00000, 0x00000000e3c00000|100%| O|  |TAMS 0x00000000e3c00000, 0x00000000e3c00000| Untracked 
|  60|0x00000000e3c00000, 0x00000000e3d00000, 0x00000000e3d00000|100%|HS|  |TAMS 0x00000000e3d00000, 0x00000000e3d00000| Complete 
|  61|0x00000000e3d00000, 0x00000000e3e00000, 0x00000000e3e00000|100%|HS|  |TAMS 0x00000000e3e00000, 0x00000000e3e00000| Complete 
|  62|0x00000000e3e00000, 0x00000000e3f00000, 0x00000000e3f00000|100%|HS|  |TAMS 0x00000000e3f00000, 0x00000000e3f00000| Complete 
|  63|0x00000000e3f00000, 0x00000000e4000000, 0x00000000e4000000|100%|HC|  |TAMS 0x00000000e4000000, 0x00000000e4000000| Complete 
|  64|0x00000000e4000000, 0x00000000e4100000, 0x00000000e4100000|100%|HS|  |TAMS 0x00000000e4100000, 0x00000000e4100000| Complete 
|  65|0x00000000e4100000, 0x00000000e4200000, 0x00000000e4200000|100%| O|  |TAMS 0x00000000e4200000, 0x00000000e4200000| Untracked 
|  66|0x00000000e4200000, 0x00000000e4300000, 0x00000000e4300000|100%| O|  |TAMS 0x00000000e4300000, 0x00000000e4300000| Untracked 
|  67|0x00000000e4300000, 0x00000000e4400000, 0x00000000e4400000|100%| O|  |TAMS 0x00000000e4400000, 0x00000000e4400000| Untracked 
|  68|0x00000000e4400000, 0x00000000e4500000, 0x00000000e4500000|100%| O|  |TAMS 0x00000000e4500000, 0x00000000e4500000| Untracked 
|  69|0x00000000e4500000, 0x00000000e4600000, 0x00000000e4600000|100%| O|  |TAMS 0x00000000e4600000, 0x00000000e4600000| Untracked 
|  70|0x00000000e4600000, 0x00000000e4700000, 0x00000000e4700000|100%| O|  |TAMS 0x00000000e4700000, 0x00000000e4700000| Untracked 
|  71|0x00000000e4700000, 0x00000000e4800000, 0x00000000e4800000|100%| O|  |TAMS 0x00000000e4800000, 0x00000000e4800000| Untracked 
|  72|0x00000000e4800000, 0x00000000e4900000, 0x00000000e4900000|100%|HS|  |TAMS 0x00000000e4900000, 0x00000000e4900000| Complete 
|  73|0x00000000e4900000, 0x00000000e4a00000, 0x00000000e4a00000|100%|HC|  |TAMS 0x00000000e4a00000, 0x00000000e4a00000| Complete 
|  74|0x00000000e4a00000, 0x00000000e4b00000, 0x00000000e4b00000|100%|HS|  |TAMS 0x00000000e4b00000, 0x00000000e4b00000| Complete 
|  75|0x00000000e4b00000, 0x00000000e4c00000, 0x00000000e4c00000|100%|HC|  |TAMS 0x00000000e4c00000, 0x00000000e4c00000| Complete 
|  76|0x00000000e4c00000, 0x00000000e4d00000, 0x00000000e4d00000|100%|HC|  |TAMS 0x00000000e4d00000, 0x00000000e4d00000| Complete 
|  77|0x00000000e4d00000, 0x00000000e4e00000, 0x00000000e4e00000|100%|HS|  |TAMS 0x00000000e4e00000, 0x00000000e4e00000| Complete 
|  78|0x00000000e4e00000, 0x00000000e4f00000, 0x00000000e4f00000|100%|HC|  |TAMS 0x00000000e4f00000, 0x00000000e4f00000| Complete 
|  79|0x00000000e4f00000, 0x00000000e5000000, 0x00000000e5000000|100%|HC|  |TAMS 0x00000000e5000000, 0x00000000e5000000| Complete 
|  80|0x00000000e5000000, 0x00000000e5100000, 0x00000000e5100000|100%|HC|  |TAMS 0x00000000e5100000, 0x00000000e5100000| Complete 
|  81|0x00000000e5100000, 0x00000000e5200000, 0x00000000e5200000|100%| O|  |TAMS 0x00000000e5200000, 0x00000000e5200000| Untracked 
|  82|0x00000000e5200000, 0x00000000e5300000, 0x00000000e5300000|100%| O|  |TAMS 0x00000000e5300000, 0x00000000e5300000| Untracked 
|  83|0x00000000e5300000, 0x00000000e5400000, 0x00000000e5400000|100%| O|  |TAMS 0x00000000e5400000, 0x00000000e5400000| Untracked 
|  84|0x00000000e5400000, 0x00000000e5500000, 0x00000000e5500000|100%| O|  |TAMS 0x00000000e5500000, 0x00000000e5500000| Untracked 
|  85|0x00000000e5500000, 0x00000000e5600000, 0x00000000e5600000|100%| O|  |TAMS 0x00000000e5600000, 0x00000000e5600000| Untracked 
|  86|0x00000000e5600000, 0x00000000e5700000, 0x00000000e5700000|100%| O|  |TAMS 0x00000000e5700000, 0x00000000e5700000| Untracked 
|  87|0x00000000e5700000, 0x00000000e5800000, 0x00000000e5800000|100%| O|  |TAMS 0x00000000e5800000, 0x00000000e5800000| Untracked 
|  88|0x00000000e5800000, 0x00000000e5900000, 0x00000000e5900000|100%| O|  |TAMS 0x00000000e5900000, 0x00000000e5900000| Untracked 
|  89|0x00000000e5900000, 0x00000000e5a00000, 0x00000000e5a00000|100%| O|  |TAMS 0x00000000e5a00000, 0x00000000e5a00000| Untracked 
|  90|0x00000000e5a00000, 0x00000000e5b00000, 0x00000000e5b00000|100%| O|  |TAMS 0x00000000e5b00000, 0x00000000e5b00000| Untracked 
|  91|0x00000000e5b00000, 0x00000000e5c00000, 0x00000000e5c00000|100%| O|  |TAMS 0x00000000e5c00000, 0x00000000e5c00000| Untracked 
|  92|0x00000000e5c00000, 0x00000000e5d00000, 0x00000000e5d00000|100%| O|  |TAMS 0x00000000e5d00000, 0x00000000e5d00000| Untracked 
|  93|0x00000000e5d00000, 0x00000000e5e00000, 0x00000000e5e00000|100%| O|  |TAMS 0x00000000e5e00000, 0x00000000e5e00000| Untracked 
|  94|0x00000000e5e00000, 0x00000000e5f00000, 0x00000000e5f00000|100%| O|  |TAMS 0x00000000e5f00000, 0x00000000e5f00000| Untracked 
|  95|0x00000000e5f00000, 0x00000000e6000000, 0x00000000e6000000|100%| O|  |TAMS 0x00000000e6000000, 0x00000000e6000000| Untracked 
|  96|0x00000000e6000000, 0x00000000e6100000, 0x00000000e6100000|100%| O|  |TAMS 0x00000000e6100000, 0x00000000e6100000| Untracked 
|  97|0x00000000e6100000, 0x00000000e6200000, 0x00000000e6200000|100%| O|  |TAMS 0x00000000e6200000, 0x00000000e6200000| Untracked 
|  98|0x00000000e6200000, 0x00000000e6300000, 0x00000000e6300000|100%| O|  |TAMS 0x00000000e6300000, 0x00000000e6300000| Untracked 
|  99|0x00000000e6300000, 0x00000000e6400000, 0x00000000e6400000|100%| O|  |TAMS 0x00000000e6400000, 0x00000000e6400000| Untracked 
| 100|0x00000000e6400000, 0x00000000e6500000, 0x00000000e6500000|100%| O|  |TAMS 0x00000000e6500000, 0x00000000e6500000| Untracked 
| 101|0x00000000e6500000, 0x00000000e6600000, 0x00000000e6600000|100%| O|  |TAMS 0x00000000e6600000, 0x00000000e6600000| Untracked 
| 102|0x00000000e6600000, 0x00000000e6700000, 0x00000000e6700000|100%| O|  |TAMS 0x00000000e6700000, 0x00000000e6700000| Untracked 
| 103|0x00000000e6700000, 0x00000000e6800000, 0x00000000e6800000|100%| O|  |TAMS 0x00000000e6800000, 0x00000000e6800000| Untracked 
| 104|0x00000000e6800000, 0x00000000e6900000, 0x00000000e6900000|100%| O|  |TAMS 0x00000000e6900000, 0x00000000e6900000| Untracked 
| 105|0x00000000e6900000, 0x00000000e6a00000, 0x00000000e6a00000|100%| O|  |TAMS 0x00000000e6a00000, 0x00000000e6a00000| Untracked 
| 106|0x00000000e6a00000, 0x00000000e6b00000, 0x00000000e6b00000|100%| O|  |TAMS 0x00000000e6b00000, 0x00000000e6b00000| Untracked 
| 107|0x00000000e6b00000, 0x00000000e6c00000, 0x00000000e6c00000|100%| O|  |TAMS 0x00000000e6c00000, 0x00000000e6c00000| Untracked 
| 108|0x00000000e6c00000, 0x00000000e6d00000, 0x00000000e6d00000|100%| O|  |TAMS 0x00000000e6d00000, 0x00000000e6d00000| Untracked 
| 109|0x00000000e6d00000, 0x00000000e6e00000, 0x00000000e6e00000|100%| O|  |TAMS 0x00000000e6e00000, 0x00000000e6e00000| Untracked 
| 110|0x00000000e6e00000, 0x00000000e6f00000, 0x00000000e6f00000|100%| O|  |TAMS 0x00000000e6f00000, 0x00000000e6f00000| Untracked 
| 111|0x00000000e6f00000, 0x00000000e7000000, 0x00000000e7000000|100%| O|  |TAMS 0x00000000e7000000, 0x00000000e7000000| Untracked 
| 112|0x00000000e7000000, 0x00000000e7100000, 0x00000000e7100000|100%| O|  |TAMS 0x00000000e7100000, 0x00000000e7100000| Untracked 
| 113|0x00000000e7100000, 0x00000000e7200000, 0x00000000e7200000|100%| O|  |TAMS 0x00000000e7200000, 0x00000000e7200000| Untracked 
| 114|0x00000000e7200000, 0x00000000e7300000, 0x00000000e7300000|100%| O|  |TAMS 0x00000000e7300000, 0x00000000e7300000| Untracked 
| 115|0x00000000e7300000, 0x00000000e7400000, 0x00000000e7400000|100%| O|  |TAMS 0x00000000e7400000, 0x00000000e7400000| Untracked 
| 116|0x00000000e7400000, 0x00000000e7500000, 0x00000000e7500000|100%| O|  |TAMS 0x00000000e7500000, 0x00000000e7500000| Untracked 
| 117|0x00000000e7500000, 0x00000000e7600000, 0x00000000e7600000|100%| O|  |TAMS 0x00000000e7600000, 0x00000000e7600000| Untracked 
| 118|0x00000000e7600000, 0x00000000e7700000, 0x00000000e7700000|100%| O|  |TAMS 0x00000000e7700000, 0x00000000e7700000| Untracked 
| 119|0x00000000e7700000, 0x00000000e7800000, 0x00000000e7800000|100%| O|  |TAMS 0x00000000e7800000, 0x00000000e7800000| Untracked 
| 120|0x00000000e7800000, 0x00000000e7900000, 0x00000000e7900000|100%| O|  |TAMS 0x00000000e7900000, 0x00000000e7900000| Untracked 
| 121|0x00000000e7900000, 0x00000000e7a00000, 0x00000000e7a00000|100%| O|  |TAMS 0x00000000e7a00000, 0x00000000e7a00000| Untracked 
| 122|0x00000000e7a00000, 0x00000000e7b00000, 0x00000000e7b00000|100%| O|  |TAMS 0x00000000e7b00000, 0x00000000e7b00000| Untracked 
| 123|0x00000000e7b00000, 0x00000000e7c00000, 0x00000000e7c00000|100%| O|  |TAMS 0x00000000e7c00000, 0x00000000e7c00000| Untracked 
| 124|0x00000000e7c00000, 0x00000000e7d00000, 0x00000000e7d00000|100%| O|  |TAMS 0x00000000e7d00000, 0x00000000e7d00000| Untracked 
| 125|0x00000000e7d00000, 0x00000000e7e00000, 0x00000000e7e00000|100%| O|  |TAMS 0x00000000e7d00000, 0x00000000e7e00000| Untracked 
| 126|0x00000000e7e00000, 0x00000000e7f00000, 0x00000000e7f00000|100%| O|  |TAMS 0x00000000e7e00000, 0x00000000e7f00000| Untracked 
| 127|0x00000000e7f00000, 0x00000000e8000000, 0x00000000e8000000|100%| O|  |TAMS 0x00000000e7f3a800, 0x00000000e8000000| Untracked 
| 128|0x00000000e8000000, 0x00000000e8100000, 0x00000000e8100000|100%| O|  |TAMS 0x00000000e8000000, 0x00000000e8100000| Untracked 
| 129|0x00000000e8100000, 0x00000000e8200000, 0x00000000e8200000|100%| O|  |TAMS 0x00000000e8100000, 0x00000000e8200000| Untracked 
| 130|0x00000000e8200000, 0x00000000e8300000, 0x00000000e8300000|100%| O|  |TAMS 0x00000000e8300000, 0x00000000e8300000| Untracked 
| 131|0x00000000e8300000, 0x00000000e8400000, 0x00000000e8400000|100%| O|  |TAMS 0x00000000e8400000, 0x00000000e8400000| Untracked 
| 132|0x00000000e8400000, 0x00000000e8500000, 0x00000000e8500000|100%| O|  |TAMS 0x00000000e8400000, 0x00000000e8500000| Untracked 
| 133|0x00000000e8500000, 0x00000000e8600000, 0x00000000e8600000|100%| O|  |TAMS 0x00000000e8600000, 0x00000000e8600000| Untracked 
| 134|0x00000000e8600000, 0x00000000e8700000, 0x00000000e8700000|100%| O|  |TAMS 0x00000000e8700000, 0x00000000e8700000| Untracked 
| 135|0x00000000e8700000, 0x00000000e8800000, 0x00000000e8800000|100%| O|  |TAMS 0x00000000e8800000, 0x00000000e8800000| Untracked 
| 136|0x00000000e8800000, 0x00000000e8900000, 0x00000000e8900000|100%| O|  |TAMS 0x00000000e8900000, 0x00000000e8900000| Untracked 
| 137|0x00000000e8900000, 0x00000000e8a00000, 0x00000000e8a00000|100%| O|  |TAMS 0x00000000e8a00000, 0x00000000e8a00000| Untracked 
| 138|0x00000000e8a00000, 0x00000000e8b00000, 0x00000000e8b00000|100%| O|  |TAMS 0x00000000e8b00000, 0x00000000e8b00000| Untracked 
| 139|0x00000000e8b00000, 0x00000000e8c00000, 0x00000000e8c00000|100%| O|  |TAMS 0x00000000e8c00000, 0x00000000e8c00000| Untracked 
| 140|0x00000000e8c00000, 0x00000000e8d00000, 0x00000000e8d00000|100%| O|  |TAMS 0x00000000e8c00000, 0x00000000e8d00000| Untracked 
| 141|0x00000000e8d00000, 0x00000000e8e00000, 0x00000000e8e00000|100%| O|  |TAMS 0x00000000e8d00000, 0x00000000e8e00000| Untracked 
| 142|0x00000000e8e00000, 0x00000000e8f00000, 0x00000000e8f00000|100%| O|  |TAMS 0x00000000e8f00000, 0x00000000e8f00000| Untracked 
| 143|0x00000000e8f00000, 0x00000000e9000000, 0x00000000e9000000|100%| O|  |TAMS 0x00000000e9000000, 0x00000000e9000000| Untracked 
| 144|0x00000000e9000000, 0x00000000e9100000, 0x00000000e9100000|100%| O|  |TAMS 0x00000000e9100000, 0x00000000e9100000| Untracked 
| 145|0x00000000e9100000, 0x00000000e9200000, 0x00000000e9200000|100%| O|  |TAMS 0x00000000e9100000, 0x00000000e9200000| Untracked 
| 146|0x00000000e9200000, 0x00000000e9300000, 0x00000000e9300000|100%| O|  |TAMS 0x00000000e9200000, 0x00000000e9300000| Untracked 
| 147|0x00000000e9300000, 0x00000000e9400000, 0x00000000e9400000|100%| O|  |TAMS 0x00000000e9300000, 0x00000000e9400000| Untracked 
| 148|0x00000000e9400000, 0x00000000e9500000, 0x00000000e9500000|100%| O|  |TAMS 0x00000000e9400000, 0x00000000e9500000| Untracked 
| 149|0x00000000e9500000, 0x00000000e9600000, 0x00000000e9600000|100%| O|  |TAMS 0x00000000e9500000, 0x00000000e9600000| Untracked 
| 150|0x00000000e9600000, 0x00000000e9700000, 0x00000000e9700000|100%| O|  |TAMS 0x00000000e9600000, 0x00000000e9700000| Untracked 
| 151|0x00000000e9700000, 0x00000000e9800000, 0x00000000e9800000|100%| O|  |TAMS 0x00000000e9700000, 0x00000000e9800000| Untracked 
| 152|0x00000000e9800000, 0x00000000e9900000, 0x00000000e9900000|100%| O|  |TAMS 0x00000000e9800000, 0x00000000e9900000| Untracked 
| 153|0x00000000e9900000, 0x00000000e99f0600, 0x00000000e9a00000| 93%| O|  |TAMS 0x00000000e9900000, 0x00000000e99f0600| Untracked 
| 154|0x00000000e9a00000, 0x00000000e9a00000, 0x00000000e9b00000|  0%| F|  |TAMS 0x00000000e9a00000, 0x00000000e9a00000| Untracked 
| 155|0x00000000e9b00000, 0x00000000e9b00000, 0x00000000e9c00000|  0%| F|  |TAMS 0x00000000e9b00000, 0x00000000e9b00000| Untracked 
| 156|0x00000000e9c00000, 0x00000000e9c00000, 0x00000000e9d00000|  0%| F|  |TAMS 0x00000000e9c00000, 0x00000000e9c00000| Untracked 
| 157|0x00000000e9d00000, 0x00000000e9d00000, 0x00000000e9e00000|  0%| F|  |TAMS 0x00000000e9d00000, 0x00000000e9d00000| Untracked 
| 158|0x00000000e9e00000, 0x00000000e9e00000, 0x00000000e9f00000|  0%| F|  |TAMS 0x00000000e9e00000, 0x00000000e9e00000| Untracked 
| 159|0x00000000e9f00000, 0x00000000e9f00000, 0x00000000ea000000|  0%| F|  |TAMS 0x00000000e9f00000, 0x00000000e9f00000| Untracked 
| 160|0x00000000ea000000, 0x00000000ea000000, 0x00000000ea100000|  0%| F|  |TAMS 0x00000000ea000000, 0x00000000ea000000| Untracked 
| 161|0x00000000ea100000, 0x00000000ea100000, 0x00000000ea200000|  0%| F|  |TAMS 0x00000000ea100000, 0x00000000ea100000| Untracked 
| 162|0x00000000ea200000, 0x00000000ea200000, 0x00000000ea300000|  0%| F|  |TAMS 0x00000000ea200000, 0x00000000ea200000| Untracked 
| 163|0x00000000ea300000, 0x00000000ea300000, 0x00000000ea400000|  0%| F|  |TAMS 0x00000000ea300000, 0x00000000ea300000| Untracked 
| 164|0x00000000ea400000, 0x00000000ea400000, 0x00000000ea500000|  0%| F|  |TAMS 0x00000000ea400000, 0x00000000ea400000| Untracked 
| 165|0x00000000ea500000, 0x00000000ea500000, 0x00000000ea600000|  0%| F|  |TAMS 0x00000000ea500000, 0x00000000ea500000| Untracked 
| 166|0x00000000ea600000, 0x00000000ea600000, 0x00000000ea700000|  0%| F|  |TAMS 0x00000000ea600000, 0x00000000ea600000| Untracked 
| 167|0x00000000ea700000, 0x00000000ea700000, 0x00000000ea800000|  0%| F|  |TAMS 0x00000000ea700000, 0x00000000ea700000| Untracked 
| 168|0x00000000ea800000, 0x00000000ea800000, 0x00000000ea900000|  0%| F|  |TAMS 0x00000000ea800000, 0x00000000ea800000| Untracked 
| 169|0x00000000ea900000, 0x00000000ea900000, 0x00000000eaa00000|  0%| F|  |TAMS 0x00000000ea900000, 0x00000000ea900000| Untracked 
| 170|0x00000000eaa00000, 0x00000000eaa00000, 0x00000000eab00000|  0%| F|  |TAMS 0x00000000eaa00000, 0x00000000eaa00000| Untracked 
| 171|0x00000000eab00000, 0x00000000eab00000, 0x00000000eac00000|  0%| F|  |TAMS 0x00000000eab00000, 0x00000000eab00000| Untracked 
| 172|0x00000000eac00000, 0x00000000eac00000, 0x00000000ead00000|  0%| F|  |TAMS 0x00000000eac00000, 0x00000000eac00000| Untracked 
| 173|0x00000000ead00000, 0x00000000ead00000, 0x00000000eae00000|  0%| F|  |TAMS 0x00000000ead00000, 0x00000000ead00000| Untracked 
| 174|0x00000000eae00000, 0x00000000eae00000, 0x00000000eaf00000|  0%| F|  |TAMS 0x00000000eae00000, 0x00000000eae00000| Untracked 
| 175|0x00000000eaf00000, 0x00000000eaf00000, 0x00000000eb000000|  0%| F|  |TAMS 0x00000000eaf00000, 0x00000000eaf00000| Untracked 
| 176|0x00000000eb000000, 0x00000000eb000000, 0x00000000eb100000|  0%| F|  |TAMS 0x00000000eb000000, 0x00000000eb000000| Untracked 
| 177|0x00000000eb100000, 0x00000000eb100000, 0x00000000eb200000|  0%| F|  |TAMS 0x00000000eb100000, 0x00000000eb100000| Untracked 
| 178|0x00000000eb200000, 0x00000000eb200000, 0x00000000eb300000|  0%| F|  |TAMS 0x00000000eb200000, 0x00000000eb200000| Untracked 
| 179|0x00000000eb300000, 0x00000000eb300000, 0x00000000eb400000|  0%| F|  |TAMS 0x00000000eb300000, 0x00000000eb300000| Untracked 
| 180|0x00000000eb400000, 0x00000000eb400000, 0x00000000eb500000|  0%| F|  |TAMS 0x00000000eb400000, 0x00000000eb400000| Untracked 
| 181|0x00000000eb500000, 0x00000000eb500000, 0x00000000eb600000|  0%| F|  |TAMS 0x00000000eb500000, 0x00000000eb500000| Untracked 
| 182|0x00000000eb600000, 0x00000000eb600000, 0x00000000eb700000|  0%| F|  |TAMS 0x00000000eb600000, 0x00000000eb600000| Untracked 
| 183|0x00000000eb700000, 0x00000000eb778280, 0x00000000eb800000| 46%| S|CS|TAMS 0x00000000eb700000, 0x00000000eb700000| Complete 
| 184|0x00000000eb800000, 0x00000000eb900000, 0x00000000eb900000|100%| S|CS|TAMS 0x00000000eb800000, 0x00000000eb800000| Complete 
| 185|0x00000000eb900000, 0x00000000eba00000, 0x00000000eba00000|100%| S|CS|TAMS 0x00000000eb900000, 0x00000000eb900000| Complete 
| 186|0x00000000eba00000, 0x00000000ebb00000, 0x00000000ebb00000|100%| S|CS|TAMS 0x00000000eba00000, 0x00000000eba00000| Complete 
| 187|0x00000000ebb00000, 0x00000000ebc00000, 0x00000000ebc00000|100%| S|CS|TAMS 0x00000000ebb00000, 0x00000000ebb00000| Complete 
| 188|0x00000000ebc00000, 0x00000000ebd00000, 0x00000000ebd00000|100%| S|CS|TAMS 0x00000000ebc00000, 0x00000000ebc00000| Complete 
| 189|0x00000000ebd00000, 0x00000000ebe00000, 0x00000000ebe00000|100%| S|CS|TAMS 0x00000000ebd00000, 0x00000000ebd00000| Complete 
| 190|0x00000000ebe00000, 0x00000000ebe00000, 0x00000000ebf00000|  0%| F|  |TAMS 0x00000000ebe00000, 0x00000000ebe00000| Untracked 
| 191|0x00000000ebf00000, 0x00000000ebf00000, 0x00000000ec000000|  0%| F|  |TAMS 0x00000000ebf00000, 0x00000000ebf00000| Untracked 
| 192|0x00000000ec000000, 0x00000000ec000000, 0x00000000ec100000|  0%| F|  |TAMS 0x00000000ec000000, 0x00000000ec000000| Untracked 
| 193|0x00000000ec100000, 0x00000000ec100000, 0x00000000ec200000|  0%| F|  |TAMS 0x00000000ec100000, 0x00000000ec100000| Untracked 
| 194|0x00000000ec200000, 0x00000000ec200000, 0x00000000ec300000|  0%| F|  |TAMS 0x00000000ec200000, 0x00000000ec200000| Untracked 
| 195|0x00000000ec300000, 0x00000000ec300000, 0x00000000ec400000|  0%| F|  |TAMS 0x00000000ec300000, 0x00000000ec300000| Untracked 
| 196|0x00000000ec400000, 0x00000000ec400000, 0x00000000ec500000|  0%| F|  |TAMS 0x00000000ec400000, 0x00000000ec400000| Untracked 
| 197|0x00000000ec500000, 0x00000000ec500000, 0x00000000ec600000|  0%| F|  |TAMS 0x00000000ec500000, 0x00000000ec500000| Untracked 
| 198|0x00000000ec600000, 0x00000000ec600000, 0x00000000ec700000|  0%| F|  |TAMS 0x00000000ec600000, 0x00000000ec600000| Untracked 
| 199|0x00000000ec700000, 0x00000000ec700000, 0x00000000ec800000|  0%| F|  |TAMS 0x00000000ec700000, 0x00000000ec700000| Untracked 
| 200|0x00000000ec800000, 0x00000000ec800000, 0x00000000ec900000|  0%| F|  |TAMS 0x00000000ec800000, 0x00000000ec800000| Untracked 
| 201|0x00000000ec900000, 0x00000000ec900000, 0x00000000eca00000|  0%| F|  |TAMS 0x00000000ec900000, 0x00000000ec900000| Untracked 
| 202|0x00000000eca00000, 0x00000000eca00000, 0x00000000ecb00000|  0%| F|  |TAMS 0x00000000eca00000, 0x00000000eca00000| Untracked 
| 203|0x00000000ecb00000, 0x00000000ecb00000, 0x00000000ecc00000|  0%| F|  |TAMS 0x00000000ecb00000, 0x00000000ecb00000| Untracked 
| 204|0x00000000ecc00000, 0x00000000ecc00000, 0x00000000ecd00000|  0%| F|  |TAMS 0x00000000ecc00000, 0x00000000ecc00000| Untracked 
| 205|0x00000000ecd00000, 0x00000000ecd00000, 0x00000000ece00000|  0%| F|  |TAMS 0x00000000ecd00000, 0x00000000ecd00000| Untracked 
| 206|0x00000000ece00000, 0x00000000ece00000, 0x00000000ecf00000|  0%| F|  |TAMS 0x00000000ece00000, 0x00000000ece00000| Untracked 
| 207|0x00000000ecf00000, 0x00000000ecf00000, 0x00000000ed000000|  0%| F|  |TAMS 0x00000000ecf00000, 0x00000000ecf00000| Untracked 
| 208|0x00000000ed000000, 0x00000000ed000000, 0x00000000ed100000|  0%| F|  |TAMS 0x00000000ed000000, 0x00000000ed000000| Untracked 
| 209|0x00000000ed100000, 0x00000000ed100000, 0x00000000ed200000|  0%| F|  |TAMS 0x00000000ed100000, 0x00000000ed100000| Untracked 
| 210|0x00000000ed200000, 0x00000000ed200000, 0x00000000ed300000|  0%| F|  |TAMS 0x00000000ed200000, 0x00000000ed200000| Untracked 
| 211|0x00000000ed300000, 0x00000000ed300000, 0x00000000ed400000|  0%| F|  |TAMS 0x00000000ed300000, 0x00000000ed300000| Untracked 
| 212|0x00000000ed400000, 0x00000000ed400000, 0x00000000ed500000|  0%| F|  |TAMS 0x00000000ed400000, 0x00000000ed400000| Untracked 
| 213|0x00000000ed500000, 0x00000000ed500000, 0x00000000ed600000|  0%| F|  |TAMS 0x00000000ed500000, 0x00000000ed500000| Untracked 
| 214|0x00000000ed600000, 0x00000000ed600000, 0x00000000ed700000|  0%| F|  |TAMS 0x00000000ed600000, 0x00000000ed600000| Untracked 
| 215|0x00000000ed700000, 0x00000000ed700000, 0x00000000ed800000|  0%| F|  |TAMS 0x00000000ed700000, 0x00000000ed700000| Untracked 
| 216|0x00000000ed800000, 0x00000000ed800000, 0x00000000ed900000|  0%| F|  |TAMS 0x00000000ed800000, 0x00000000ed800000| Untracked 
| 217|0x00000000ed900000, 0x00000000ed900000, 0x00000000eda00000|  0%| F|  |TAMS 0x00000000ed900000, 0x00000000ed900000| Untracked 
| 218|0x00000000eda00000, 0x00000000eda00000, 0x00000000edb00000|  0%| F|  |TAMS 0x00000000eda00000, 0x00000000eda00000| Untracked 
| 219|0x00000000edb00000, 0x00000000edb00000, 0x00000000edc00000|  0%| F|  |TAMS 0x00000000edb00000, 0x00000000edb00000| Untracked 
| 220|0x00000000edc00000, 0x00000000edc00000, 0x00000000edd00000|  0%| F|  |TAMS 0x00000000edc00000, 0x00000000edc00000| Untracked 
| 221|0x00000000edd00000, 0x00000000edd00000, 0x00000000ede00000|  0%| F|  |TAMS 0x00000000edd00000, 0x00000000edd00000| Untracked 
| 222|0x00000000ede00000, 0x00000000ede00000, 0x00000000edf00000|  0%| F|  |TAMS 0x00000000ede00000, 0x00000000ede00000| Untracked 
| 223|0x00000000edf00000, 0x00000000edf00000, 0x00000000ee000000|  0%| F|  |TAMS 0x00000000edf00000, 0x00000000edf00000| Untracked 
| 224|0x00000000ee000000, 0x00000000ee000000, 0x00000000ee100000|  0%| F|  |TAMS 0x00000000ee000000, 0x00000000ee000000| Untracked 
| 225|0x00000000ee100000, 0x00000000ee100000, 0x00000000ee200000|  0%| F|  |TAMS 0x00000000ee100000, 0x00000000ee100000| Untracked 
| 226|0x00000000ee200000, 0x00000000ee29d6c0, 0x00000000ee300000| 61%| E|  |TAMS 0x00000000ee200000, 0x00000000ee200000| Complete 
| 227|0x00000000ee300000, 0x00000000ee400000, 0x00000000ee400000|100%| E|CS|TAMS 0x00000000ee300000, 0x00000000ee300000| Complete 
| 228|0x00000000ee400000, 0x00000000ee500000, 0x00000000ee500000|100%| E|CS|TAMS 0x00000000ee400000, 0x00000000ee400000| Complete 
| 229|0x00000000ee500000, 0x00000000ee600000, 0x00000000ee600000|100%| E|  |TAMS 0x00000000ee500000, 0x00000000ee500000| Complete 
| 230|0x00000000ee600000, 0x00000000ee700000, 0x00000000ee700000|100%| E|CS|TAMS 0x00000000ee600000, 0x00000000ee600000| Complete 
| 231|0x00000000ee700000, 0x00000000ee800000, 0x00000000ee800000|100%| E|CS|TAMS 0x00000000ee700000, 0x00000000ee700000| Complete 
| 232|0x00000000ee800000, 0x00000000ee900000, 0x00000000ee900000|100%| E|CS|TAMS 0x00000000ee800000, 0x00000000ee800000| Complete 
| 233|0x00000000ee900000, 0x00000000eea00000, 0x00000000eea00000|100%| E|CS|TAMS 0x00000000ee900000, 0x00000000ee900000| Complete 
| 234|0x00000000eea00000, 0x00000000eeb00000, 0x00000000eeb00000|100%| E|CS|TAMS 0x00000000eea00000, 0x00000000eea00000| Complete 
| 235|0x00000000eeb00000, 0x00000000eec00000, 0x00000000eec00000|100%| E|CS|TAMS 0x00000000eeb00000, 0x00000000eeb00000| Complete 
| 236|0x00000000eec00000, 0x00000000eed00000, 0x00000000eed00000|100%| E|CS|TAMS 0x00000000eec00000, 0x00000000eec00000| Complete 
| 237|0x00000000eed00000, 0x00000000eee00000, 0x00000000eee00000|100%| E|CS|TAMS 0x00000000eed00000, 0x00000000eed00000| Complete 
| 238|0x00000000eee00000, 0x00000000eef00000, 0x00000000eef00000|100%| E|CS|TAMS 0x00000000eee00000, 0x00000000eee00000| Complete 
| 239|0x00000000eef00000, 0x00000000ef000000, 0x00000000ef000000|100%| E|CS|TAMS 0x00000000eef00000, 0x00000000eef00000| Complete 
| 240|0x00000000ef000000, 0x00000000ef100000, 0x00000000ef100000|100%| E|CS|TAMS 0x00000000ef000000, 0x00000000ef000000| Complete 
| 241|0x00000000ef100000, 0x00000000ef200000, 0x00000000ef200000|100%| E|CS|TAMS 0x00000000ef100000, 0x00000000ef100000| Complete 
| 242|0x00000000ef200000, 0x00000000ef300000, 0x00000000ef300000|100%| E|CS|TAMS 0x00000000ef200000, 0x00000000ef200000| Complete 
| 243|0x00000000ef300000, 0x00000000ef400000, 0x00000000ef400000|100%| E|CS|TAMS 0x00000000ef300000, 0x00000000ef300000| Complete 
| 244|0x00000000ef400000, 0x00000000ef500000, 0x00000000ef500000|100%| E|CS|TAMS 0x00000000ef400000, 0x00000000ef400000| Complete 
| 245|0x00000000ef500000, 0x00000000ef600000, 0x00000000ef600000|100%| E|CS|TAMS 0x00000000ef500000, 0x00000000ef500000| Complete 
| 246|0x00000000ef600000, 0x00000000ef700000, 0x00000000ef700000|100%| E|CS|TAMS 0x00000000ef600000, 0x00000000ef600000| Complete 
| 247|0x00000000ef700000, 0x00000000ef800000, 0x00000000ef800000|100%| E|CS|TAMS 0x00000000ef700000, 0x00000000ef700000| Complete 
| 248|0x00000000ef800000, 0x00000000ef900000, 0x00000000ef900000|100%| E|CS|TAMS 0x00000000ef800000, 0x00000000ef800000| Complete 
| 249|0x00000000ef900000, 0x00000000efa00000, 0x00000000efa00000|100%| E|CS|TAMS 0x00000000ef900000, 0x00000000ef900000| Complete 
| 250|0x00000000efa00000, 0x00000000efb00000, 0x00000000efb00000|100%| E|CS|TAMS 0x00000000efa00000, 0x00000000efa00000| Complete 
| 251|0x00000000efb00000, 0x00000000efc00000, 0x00000000efc00000|100%| E|CS|TAMS 0x00000000efb00000, 0x00000000efb00000| Complete 
| 252|0x00000000efc00000, 0x00000000efd00000, 0x00000000efd00000|100%| E|CS|TAMS 0x00000000efc00000, 0x00000000efc00000| Complete 
| 253|0x00000000efd00000, 0x00000000efe00000, 0x00000000efe00000|100%| E|CS|TAMS 0x00000000efd00000, 0x00000000efd00000| Complete 
| 254|0x00000000efe00000, 0x00000000eff00000, 0x00000000eff00000|100%| E|CS|TAMS 0x00000000efe00000, 0x00000000efe00000| Complete 
| 255|0x00000000eff00000, 0x00000000f0000000, 0x00000000f0000000|100%| E|CS|TAMS 0x00000000eff00000, 0x00000000eff00000| Complete 

Card table byte_map: [0x000002331ec10000,0x000002331ed10000] _byte_map_base: 0x000002331e510000

Marking Bits (Prev, Next): (CMBitMap*) 0x0000023309dc5f40, (CMBitMap*) 0x0000023309dc5f08
 Prev Bits: [0x000002331f610000, 0x000002331fe10000)
 Next Bits: [0x000002331ee10000, 0x000002331f610000)

Polling page: 0x0000023309e70000

Metaspace:

Usage:
  Non-class:    125.25 MB capacity,   123.13 MB ( 98%) used,     1.70 MB (  1%) free+waste,   425.88 KB ( <1%) overhead. 
      Class:     18.44 MB capacity,    17.18 MB ( 93%) used,     1.08 MB (  6%) free+waste,   183.25 KB ( <1%) overhead. 
       Both:    143.69 MB capacity,   140.31 MB ( 98%) used,     2.78 MB (  2%) free+waste,   609.13 KB ( <1%) overhead. 

Virtual space:
  Non-class space:      126.00 MB reserved,     125.25 MB (>99%) committed 
      Class space:      248.00 MB reserved,      18.48 MB (  7%) committed 
             Both:      374.00 MB reserved,     143.73 MB ( 38%) committed 

Chunk freelists:
   Non-Class:  3.00 KB
       Class:  0 bytes
        Both:  3.00 KB

MaxMetaspaceSize: 256.00 MB
CompressedClassSpaceSize: 248.00 MB
Initial GC threshold: 20.80 MB
Current GC threshold: 234.14 MB
CDS: off

CodeHeap 'non-profiled nmethods': size=120000Kb used=15225Kb max_used=15225Kb free=104774Kb
 bounds [0x0000023316b80000, 0x0000023317a60000, 0x000002331e0b0000]
CodeHeap 'profiled nmethods': size=120000Kb used=52042Kb max_used=52042Kb free=67957Kb
 bounds [0x000002330f650000, 0x0000023312930000, 0x0000023316b80000]
CodeHeap 'non-nmethods': size=5760Kb used=2573Kb max_used=2634Kb free=3186Kb
 bounds [0x000002330f0b0000, 0x000002330f350000, 0x000002330f650000]
 total_blobs=23327 nmethods=22192 adapters=1045
 compilation: enabled
              stopped_count=0, restarted_count=0
 full_count=0

Compilation events (20 events):
Event: 2346.215 Thread 0x0000023323101800 nmethod 24577 0x00000233128d3890 code [0x00000233128d3b00, 0x00000233128d4018]
Event: 2346.215 Thread 0x0000023323101800 24505       2       com.android.tools.r8.internal.Hs::a (233 bytes)
Event: 2346.216 Thread 0x0000023323101800 nmethod 24505 0x00000233128d4290 code [0x00000233128d4500, 0x00000233128d4ad8]
Event: 2346.216 Thread 0x0000023323101800 24593       2       com.android.tools.r8.internal.mn::a (65 bytes)
Event: 2346.217 Thread 0x0000023323101800 nmethod 24593 0x00000233128d5090 code [0x00000233128d5260, 0x00000233128d5668]
Event: 2346.217 Thread 0x0000023323101800 24594       2       com.android.tools.r8.internal.Ko::a (39 bytes)
Event: 2346.217 Thread 0x0000023323101800 nmethod 24594 0x00000233128d5890 code [0x00000233128d5a60, 0x00000233128d5d78]
Event: 2346.217 Thread 0x0000023323101800 24590       2       com.android.tools.r8.internal.a8::a (5 bytes)
Event: 2346.218 Thread 0x0000023323101800 nmethod 24590 0x00000233128d5f10 code [0x00000233128d6100, 0x00000233128d6318]
Event: 2346.218 Thread 0x0000023323101800 24591       2       com.android.tools.r8.internal.Ql::b (29 bytes)
Event: 2346.218 Thread 0x0000023323101800 nmethod 24591 0x00000233128d6490 code [0x00000233128d6680, 0x00000233128d6878]
Event: 2346.218 Thread 0x0000023323101800 24588       2       com.android.tools.r8.ir.conversion.r::a (121 bytes)
Event: 2346.218 Thread 0x0000023323101800 nmethod 24588 0x00000233128d6a10 code [0x00000233128d6c00, 0x00000233128d6ea8]
Event: 2346.218 Thread 0x0000023323101800 24587       2       com.android.tools.r8.ir.conversion.r$$Lambda$1803/0x0000000101193040::<init> (38 bytes)
Event: 2346.219 Thread 0x0000023323101800 nmethod 24587 0x00000233128d7090 code [0x00000233128d7260, 0x00000233128d7598]
Event: 2346.219 Thread 0x0000023323101800 24589       2       com.android.tools.r8.internal.a8::a (5 bytes)
Event: 2346.219 Thread 0x0000023323101800 nmethod 24589 0x00000233128d7610 code [0x00000233128d77c0, 0x00000233128d7918]
Event: 2346.219 Thread 0x0000023323101800 24592       2       com.android.tools.r8.internal.AR::<init> (5 bytes)
Event: 2346.219 Thread 0x0000023323101800 nmethod 24592 0x00000233128d7a10 code [0x00000233128d7bc0, 0x00000233128d7ce8]
Event: 2346.219 Thread 0x0000023323101800 24578       2       com.android.tools.r8.internal.jf::a (373 bytes)

GC Heap History (20 events):
Event: 2343.732 GC heap after
{Heap after GC invocations=40 (full 0):
 garbage-first heap   total 262144K, used 141754K [0x00000000e0000000, 0x0000000100000000)
  region size 1024K, 2 young (2048K), 2 survivors (2048K)
 Metaspace       used 137034K, capacity 140251K, committed 140396K, reserved 376832K
  class space    used 16783K, capacity 18000K, committed 18028K, reserved 253952K
}
Event: 2344.069 GC heap before
{Heap before GC invocations=40 (full 0):
 garbage-first heap   total 262144K, used 212410K [0x00000000e0000000, 0x0000000100000000)
  region size 1024K, 72 young (73728K), 2 survivors (2048K)
 Metaspace       used 139790K, capacity 143158K, committed 143340K, reserved 378880K
  class space    used 17284K, capacity 18542K, committed 18668K, reserved 253952K
}
Event: 2344.088 GC heap after
{Heap after GC invocations=41 (full 0):
 garbage-first heap   total 262144K, used 151786K [0x00000000e0000000, 0x0000000100000000)
  region size 1024K, 9 young (9216K), 9 survivors (9216K)
 Metaspace       used 139790K, capacity 143158K, committed 143340K, reserved 378880K
  class space    used 17284K, capacity 18542K, committed 18668K, reserved 253952K
}
Event: 2344.717 GC heap before
{Heap before GC invocations=42 (full 0):
 garbage-first heap   total 262144K, used 213226K [0x00000000e0000000, 0x0000000100000000)
  region size 1024K, 70 young (71680K), 9 survivors (9216K)
 Metaspace       used 141409K, capacity 144655K, committed 145260K, reserved 380928K
  class space    used 17378K, capacity 18579K, committed 18796K, reserved 253952K
}
Event: 2344.729 GC heap after
{Heap after GC invocations=43 (full 0):
 garbage-first heap   total 262144K, used 153633K [0x00000000e0000000, 0x0000000100000000)
  region size 1024K, 2 young (2048K), 2 survivors (2048K)
 Metaspace       used 141409K, capacity 144655K, committed 145260K, reserved 380928K
  class space    used 17378K, capacity 18579K, committed 18796K, reserved 253952K
}
Event: 2344.782 GC heap before
{Heap before GC invocations=43 (full 0):
 garbage-first heap   total 262144K, used 162849K [0x00000000e0000000, 0x0000000100000000)
  region size 1024K, 12 young (12288K), 2 survivors (2048K)
 Metaspace       used 141725K, capacity 144997K, committed 145516K, reserved 380928K
  class space    used 17413K, capacity 18628K, committed 18796K, reserved 253952K
}
Event: 2344.787 GC heap after
{Heap after GC invocations=44 (full 0):
 garbage-first heap   total 262144K, used 152831K [0x00000000e0000000, 0x0000000100000000)
  region size 1024K, 2 young (2048K), 2 survivors (2048K)
 Metaspace       used 141725K, capacity 144997K, committed 145516K, reserved 380928K
  class space    used 17413K, capacity 18628K, committed 18796K, reserved 253952K
}
Event: 2345.078 GC heap before
{Heap before GC invocations=44 (full 0):
 garbage-first heap   total 262144K, used 215295K [0x00000000e0000000, 0x0000000100000000)
  region size 1024K, 63 young (64512K), 2 survivors (2048K)
 Metaspace       used 142623K, capacity 145965K, committed 146156K, reserved 382976K
  class space    used 17532K, capacity 18785K, committed 18924K, reserved 253952K
}
Event: 2345.082 GC heap after
{Heap after GC invocations=45 (full 0):
 garbage-first heap   total 262144K, used 153433K [0x00000000e0000000, 0x0000000100000000)
  region size 1024K, 2 young (2048K), 2 survivors (2048K)
 Metaspace       used 142623K, capacity 145965K, committed 146156K, reserved 382976K
  class space    used 17532K, capacity 18785K, committed 18924K, reserved 253952K
}
Event: 2345.348 GC heap before
{Heap before GC invocations=45 (full 0):
 garbage-first heap   total 262144K, used 216921K [0x00000000e0000000, 0x0000000100000000)
  region size 1024K, 65 young (66560K), 2 survivors (2048K)
 Metaspace       used 143042K, capacity 146402K, committed 146668K, reserved 382976K
  class space    used 17578K, capacity 18863K, committed 18924K, reserved 253952K
}
Event: 2345.353 GC heap after
{Heap after GC invocations=46 (full 0):
 garbage-first heap   total 262144K, used 155792K [0x00000000e0000000, 0x0000000100000000)
  region size 1024K, 4 young (4096K), 4 survivors (4096K)
 Metaspace       used 143042K, capacity 146402K, committed 146668K, reserved 382976K
  class space    used 17578K, capacity 18863K, committed 18924K, reserved 253952K
}
Event: 2345.524 GC heap before
{Heap before GC invocations=46 (full 0):
 garbage-first heap   total 262144K, used 219280K [0x00000000e0000000, 0x0000000100000000)
  region size 1024K, 67 young (68608K), 4 survivors (4096K)
 Metaspace       used 143127K, capacity 146540K, committed 146668K, reserved 382976K
  class space    used 17580K, capacity 18866K, committed 18924K, reserved 253952K
}
Event: 2345.531 GC heap after
{Heap after GC invocations=47 (full 0):
 garbage-first heap   total 262144K, used 159124K [0x00000000e0000000, 0x0000000100000000)
  region size 1024K, 8 young (8192K), 8 survivors (8192K)
 Metaspace       used 143127K, capacity 146540K, committed 146668K, reserved 382976K
  class space    used 17580K, capacity 18866K, committed 18924K, reserved 253952K
}
Event: 2345.719 GC heap before
{Heap before GC invocations=47 (full 0):
 garbage-first heap   total 262144K, used 221588K [0x00000000e0000000, 0x0000000100000000)
  region size 1024K, 69 young (70656K), 8 survivors (8192K)
 Metaspace       used 143247K, capacity 146694K, committed 146924K, reserved 382976K
  class space    used 17584K, capacity 18871K, committed 18924K, reserved 253952K
}
Event: 2345.729 GC heap after
{Heap after GC invocations=48 (full 0):
 garbage-first heap   total 262144K, used 159488K [0x00000000e0000000, 0x0000000100000000)
  region size 1024K, 5 young (5120K), 5 survivors (5120K)
 Metaspace       used 143247K, capacity 146694K, committed 146924K, reserved 382976K
  class space    used 17584K, capacity 18871K, committed 18924K, reserved 253952K
}
Event: 2345.880 GC heap before
{Heap before GC invocations=48 (full 0):
 garbage-first heap   total 262144K, used 221952K [0x00000000e0000000, 0x0000000100000000)
  region size 1024K, 67 young (68608K), 5 survivors (5120K)
 Metaspace       used 143383K, capacity 146800K, committed 146924K, reserved 382976K
  class space    used 17590K, capacity 18881K, committed 18924K, reserved 253952K
}
Event: 2345.886 GC heap after
{Heap after GC invocations=49 (full 0):
 garbage-first heap   total 262144K, used 162379K [0x00000000e0000000, 0x0000000100000000)
  region size 1024K, 8 young (8192K), 8 survivors (8192K)
 Metaspace       used 143383K, capacity 146800K, committed 146924K, reserved 382976K
  class space    used 17590K, capacity 18881K, committed 18924K, reserved 253952K
}
Event: 2346.068 GC heap before
{Heap before GC invocations=49 (full 0):
 garbage-first heap   total 262144K, used 223819K [0x00000000e0000000, 0x0000000100000000)
  region size 1024K, 68 young (69632K), 8 survivors (8192K)
 Metaspace       used 143499K, capacity 146931K, committed 147180K, reserved 382976K
  class space    used 17590K, capacity 18881K, committed 18924K, reserved 253952K
}
Event: 2346.075 GC heap after
{Heap after GC invocations=50 (full 0):
 garbage-first heap   total 262144K, used 162571K [0x00000000e0000000, 0x0000000100000000)
  region size 1024K, 5 young (5120K), 5 survivors (5120K)
 Metaspace       used 143499K, capacity 146931K, committed 147180K, reserved 382976K
  class space    used 17590K, capacity 18881K, committed 18924K, reserved 253952K
}
Event: 2346.222 GC heap before
{Heap before GC invocations=50 (full 0):
 garbage-first heap   total 262144K, used 225035K [0x00000000e0000000, 0x0000000100000000)
  region size 1024K, 66 young (67584K), 5 survivors (5120K)
 Metaspace       used 143579K, capacity 147001K, committed 147180K, reserved 382976K
  class space    used 17590K, capacity 18881K, committed 18924K, reserved 253952K
}

Deoptimization events (20 events):
Event: 2346.005 Thread 0x000002332334c800 DEOPT PACKING pc=0x00000233125a02ef sp=0x000000ba83df98b0
Event: 2346.005 Thread 0x000002332334c800 DEOPT UNPACKING pc=0x000002330f0fa95e sp=0x000000ba83df8df0 mode 0
Event: 2346.031 Thread 0x0000023325358800 DEOPT PACKING pc=0x00000233122d4ee3 sp=0x000000ba812fa120
Event: 2346.031 Thread 0x0000023325358800 DEOPT UNPACKING pc=0x000002330f0fa95e sp=0x000000ba812f95f8 mode 0
Event: 2346.052 Thread 0x000002332a96f000 DEOPT PACKING pc=0x0000023310941383 sp=0x000000ba857f9410
Event: 2346.052 Thread 0x000002332a96f000 DEOPT UNPACKING pc=0x000002330f0fa95e sp=0x000000ba857f8a38 mode 0
Event: 2346.082 Thread 0x000002332a2ab000 DEOPT PACKING pc=0x000002330fbb40eb sp=0x000000ba842f9010
Event: 2346.082 Thread 0x000002332a2ab000 DEOPT UNPACKING pc=0x000002330f0fa95e sp=0x000000ba842f84b8 mode 0
Event: 2346.085 Thread 0x000002332e981800 DEOPT PACKING pc=0x0000023312434a92 sp=0x000000ba82df9110
Event: 2346.085 Thread 0x000002332e981800 DEOPT UNPACKING pc=0x000002330f0fa95e sp=0x000000ba82df85c8 mode 0
Event: 2346.108 Thread 0x0000023325358800 DEOPT PACKING pc=0x00000233128127d0 sp=0x000000ba812f9dd0
Event: 2346.108 Thread 0x0000023325358800 DEOPT UNPACKING pc=0x000002330f0fa95e sp=0x000000ba812f92f8 mode 0
Event: 2346.137 Thread 0x0000023325358800 DEOPT PACKING pc=0x000002331267ac2c sp=0x000000ba812f9a70
Event: 2346.137 Thread 0x0000023325358800 DEOPT UNPACKING pc=0x000002330f0fa95e sp=0x000000ba812f9200 mode 0
Event: 2346.146 Thread 0x000002332e981800 DEOPT PACKING pc=0x000002330fbb40eb sp=0x000000ba82df9080
Event: 2346.146 Thread 0x000002332e981800 DEOPT UNPACKING pc=0x000002330f0fa95e sp=0x000000ba82df8528 mode 0
Event: 2346.177 Thread 0x000002332a2ab000 DEOPT PACKING pc=0x0000023310941383 sp=0x000000ba842f9720
Event: 2346.177 Thread 0x000002332a2ab000 DEOPT UNPACKING pc=0x000002330f0fa95e sp=0x000000ba842f8d48 mode 0
Event: 2346.204 Thread 0x000002332a96f000 DEOPT PACKING pc=0x000002330fbb40eb sp=0x000000ba857f8df0
Event: 2346.205 Thread 0x000002332a96f000 DEOPT UNPACKING pc=0x000002330f0fa95e sp=0x000000ba857f8298 mode 0

Classes redefined (0 events):
No events

Internal exceptions (20 events):
Event: 2343.797 Thread 0x000002332a972800 Exception <a 'java/lang/NoSuchMethodError'{0x00000000eea5f348}: 'int java.lang.invoke.DirectMethodHandle$Holder.invokeSpecial(java.lang.Object, java.lang.Object, java.lang.Object, java.lang.Object, java.lang.Object)'> (0x00000000eea5f348) thrown at [./src/hotspot/share/interpreter/linkResolver.cpp, line 773]
Event: 2343.797 Thread 0x000002332a781800 Exception <a 'java/lang/NoSuchMethodError'{0x00000000ef63be68}: 'int java.lang.invoke.DirectMethodHandle$Holder.invokeSpecial(java.lang.Object, java.lang.Object, java.lang.Object, java.lang.Object, java.lang.Object)'> (0x00000000ef63be68) thrown at [./src/hotspot/share/interpreter/linkResolver.cpp, line 773]
Event: 2343.797 Thread 0x000002332a976800 Exception <a 'java/lang/NoSuchMethodError'{0x00000000eff90c20}: 'int java.lang.invoke.DirectMethodHandle$Holder.invokeSpecial(java.lang.Object, java.lang.Object, java.lang.Object, java.lang.Object, java.lang.Object)'> (0x00000000eff90c20) thrown at [./src/hotspot/share/interpreter/linkResolver.cpp, line 773]
Event: 2343.829 Thread 0x000002332a781800 Exception <a 'java/lang/IncompatibleClassChangeError'{0x00000000ee100218}: Found class java.lang.Object, but interface was expected> (0x00000000ee100218) thrown at [./src/hotspot/share/interpreter/linkResolver.cpp, line 839]
Event: 2343.830 Thread 0x000002332a781800 Exception <a 'java/lang/IncompatibleClassChangeError'{0x00000000ee109338}: Found class java.lang.Object, but interface was expected> (0x00000000ee109338) thrown at [./src/hotspot/share/interpreter/linkResolver.cpp, line 839]
Event: 2343.871 Thread 0x000002332a781800 Exception <a 'java/lang/NoSuchMethodError'{0x00000000edda4568}: 'void java.lang.invoke.DirectMethodHandle$Holder.invokeSpecial(java.lang.Object, java.lang.Object, int, java.lang.Object)'> (0x00000000edda4568) thrown at [./src/hotspot/share/interpreter/linkResolver.cpp, line 773]
Event: 2343.965 Thread 0x000002332334c800 Exception <a 'java/lang/NoSuchMethodError'{0x00000000eccd3d28}: 'java.lang.Object java.lang.invoke.DirectMethodHandle$Holder.newInvokeSpecial(java.lang.Object, int)'> (0x00000000eccd3d28) thrown at [./src/hotspot/share/interpreter/linkResolver.cpp, line 773]
Event: 2344.827 Thread 0x000002332a972800 Exception <a 'java/lang/NoSuchMethodError'{0x00000000ef932270}: 'java.lang.Object java.lang.invoke.Invokers$Holder.linkToTargetMethod(java.lang.Object, int, java.lang.Object, java.lang.Object, java.lang.Object, java.lang.Object)'> (0x00000000ef932270) thrown at [./src/hotspot/share/interpreter/linkResolver.cpp, line 773]
Event: 2344.834 Thread 0x000002332a972800 Exception <a 'java/lang/NoSuchMethodError'{0x00000000ef93efe8}: 'java.lang.Object java.lang.invoke.DirectMethodHandle$Holder.invokeStatic(java.lang.Object, java.lang.Object, java.lang.Object, java.lang.Object, int, java.lang.Object, java.lang.Object)'> (0x00000000ef93efe8) thrown at [./src/hotspot/share/interpreter/linkResolver.cpp, line 773]
Event: 2344.834 Thread 0x000002332a972800 Exception <a 'java/lang/NoSuchMethodError'{0x00000000ef946ae0}: 'java.lang.Object java.lang.invoke.Invokers$Holder.linkToTargetMethod(java.lang.Object, java.lang.Object, java.lang.Object, int, java.lang.Object, java.lang.Object, java.lang.Object)'> (0x00000000ef946ae0) thrown at [./src/hotspot/share/interpreter/linkResolver.cpp, line 773]
Event: 2344.838 Thread 0x000002332a972800 Exception <a 'java/lang/NoSuchMethodError'{0x00000000ef60f080}: 'void java.lang.invoke.DirectMethodHandle$Holder.invokeStatic(java.lang.Object, java.lang.Object, java.lang.Object, java.lang.Object, java.lang.Object, java.lang.Object, java.lang.Object, java.lang.Object)'> (0x00000000ef60f080) thrown at [./src/hotspot/share/interpreter/linkResolver.cpp, line 773]
Event: 2344.933 Thread 0x000002332a96f000 Exception <a 'java/lang/NoSuchMethodError'{0x00000000ee390178}: 'int java.lang.invoke.DirectMethodHandle$Holder.invokeInterface(java.lang.Object, java.lang.Object, int)'> (0x00000000ee390178) thrown at [./src/hotspot/share/interpreter/linkResolver.cpp, line 773]
Event: 2344.968 Thread 0x000002332a972800 Exception <a 'java/lang/IncompatibleClassChangeError'{0x00000000edb03ff8}: Found class java.lang.Object, but interface was expected> (0x00000000edb03ff8) thrown at [./src/hotspot/share/interpreter/linkResolver.cpp, line 839]
Event: 2345.146 Thread 0x000002332a972800 Exception <a 'java/lang/NoSuchMethodError'{0x00000000ef346948}: 'void java.lang.invoke.DirectMethodHandle$Holder.invokeSpecial(java.lang.Object, java.lang.Object, int)'> (0x00000000ef346948) thrown at [./src/hotspot/share/interpreter/linkResolver.cpp, line 773]
Event: 2345.223 Thread 0x000002332a972800 Exception <a 'sun/nio/fs/WindowsException'{0x00000000ee4e8218}> (0x00000000ee4e8218) thrown at [./src/hotspot/share/prims/jni.cpp, line 615]
Event: 2345.272 Thread 0x0000023323352000 Exception <a 'sun/nio/fs/WindowsException'{0x00000000ed9e9ea8}> (0x00000000ed9e9ea8) thrown at [./src/hotspot/share/prims/jni.cpp, line 615]
Event: 2345.388 Thread 0x000002332a781800 Exception <a 'sun/nio/fs/WindowsException'{0x00000000ef2df8c8}> (0x00000000ef2df8c8) thrown at [./src/hotspot/share/prims/jni.cpp, line 615]
Event: 2345.416 Thread 0x000002332a2ab000 Exception <a 'sun/nio/fs/WindowsException'{0x00000000ee6da7c0}> (0x00000000ee6da7c0) thrown at [./src/hotspot/share/prims/jni.cpp, line 615]
Event: 2345.710 Thread 0x000002332a976800 Exception <a 'sun/nio/fs/WindowsException'{0x00000000ec95daa8}> (0x00000000ec95daa8) thrown at [./src/hotspot/share/prims/jni.cpp, line 615]
Event: 2345.872 Thread 0x0000023325358800 Exception <a 'sun/nio/fs/WindowsException'{0x00000000ec4d4c18}> (0x00000000ec4d4c18) thrown at [./src/hotspot/share/prims/jni.cpp, line 615]

Events (20 events):
Event: 2345.733 loading class com/android/tools/r8/code/W0 done
Event: 2345.733 loading class com/android/tools/r8/code/W0
Event: 2345.733 loading class com/android/tools/r8/code/W0 done
Event: 2345.733 loading class com/android/tools/r8/code/W0
Event: 2345.733 loading class com/android/tools/r8/code/W0 done
Event: 2345.733 loading class com/android/tools/r8/code/W0
Event: 2345.733 loading class com/android/tools/r8/code/W0 done
Event: 2345.733 loading class com/android/tools/r8/code/W0
Event: 2345.733 loading class com/android/tools/r8/code/W0 done
Event: 2345.845 loading class com/android/tools/r8/internal/Ko
Event: 2345.845 loading class com/android/tools/r8/internal/Ko done
Event: 2345.845 loading class com/android/tools/r8/internal/Ko
Event: 2345.845 loading class com/android/tools/r8/internal/Ko done
Event: 2345.845 loading class com/android/tools/r8/internal/Hq
Event: 2345.845 loading class com/android/tools/r8/internal/Hq done
Event: 2345.877 Executing VM operation: G1CollectForAllocation
Event: 2345.886 Executing VM operation: G1CollectForAllocation done
Event: 2346.066 Executing VM operation: G1CollectForAllocation
Event: 2346.075 Executing VM operation: G1CollectForAllocation done
Event: 2346.220 Executing VM operation: G1CollectForAllocation


Dynamic libraries:
0x00007ff650ef0000 - 0x00007ff650efa000 	C:\Program Files\Android\Android Studio\jre\bin\java.exe
0x00007ff9a59a0000 - 0x00007ff9a5b90000 	C:\Windows\SYSTEM32\ntdll.dll
0x00007ff9a5360000 - 0x00007ff9a5412000 	C:\Windows\System32\KERNEL32.DLL
0x00007ff9a3420000 - 0x00007ff9a36c3000 	C:\Windows\System32\KERNELBASE.dll
0x00007ff9a3920000 - 0x00007ff9a3a1a000 	C:\Windows\System32\ucrtbase.dll
0x00007ff974470000 - 0x00007ff974489000 	C:\Program Files\Android\Android Studio\jre\bin\jli.dll
0x00007ff98f6f0000 - 0x00007ff98f707000 	C:\Program Files\Android\Android Studio\jre\bin\VCRUNTIME140.dll
0x00007ff9a3e20000 - 0x00007ff9a3fb4000 	C:\Windows\System32\USER32.dll
0x00007ff9a3a20000 - 0x00007ff9a3a41000 	C:\Windows\System32\win32u.dll
0x00007ff990cf0000 - 0x00007ff990f75000 	C:\Windows\WinSxS\amd64_microsoft.windows.common-controls_6595b64144ccf1df_6.0.18362.418_none_e6c6b287130d565d\COMCTL32.dll
0x00007ff9a4e10000 - 0x00007ff9a4e36000 	C:\Windows\System32\GDI32.dll
0x00007ff9a5420000 - 0x00007ff9a54be000 	C:\Windows\System32\msvcrt.dll
0x00007ff9a36d0000 - 0x00007ff9a3864000 	C:\Windows\System32\gdi32full.dll
0x00007ff9a55f0000 - 0x00007ff9a5926000 	C:\Windows\System32\combase.dll
0x00007ff9a3300000 - 0x00007ff9a339e000 	C:\Windows\System32\msvcp_win.dll
0x00007ff9a3a50000 - 0x00007ff9a3b70000 	C:\Windows\System32\RPCRT4.dll
0x00007ff9a33a0000 - 0x00007ff9a3420000 	C:\Windows\System32\bcryptPrimitives.dll
0x00007ff9a5930000 - 0x00007ff9a595e000 	C:\Windows\System32\IMM32.DLL
0x00007ff94a460000 - 0x00007ff94a4fd000 	C:\Program Files\Android\Android Studio\jre\bin\msvcp140.dll
0x00007ff9472a0000 - 0x00007ff947d85000 	C:\Program Files\Android\Android Studio\jre\bin\server\jvm.dll
0x00007ff9a3b90000 - 0x00007ff9a3c33000 	C:\Windows\System32\ADVAPI32.dll
0x00007ff9a3c40000 - 0x00007ff9a3cd7000 	C:\Windows\System32\sechost.dll
0x00007ff9a4c60000 - 0x00007ff9a4c68000 	C:\Windows\System32\PSAPI.DLL
0x00007ff98f710000 - 0x00007ff98f719000 	C:\Windows\SYSTEM32\WSOCK32.dll
0x00007ff99c1f0000 - 0x00007ff99c214000 	C:\Windows\SYSTEM32\WINMM.dll
0x00007ff99d210000 - 0x00007ff99d21a000 	C:\Windows\SYSTEM32\VERSION.dll
0x00007ff9a4cd0000 - 0x00007ff9a4d3f000 	C:\Windows\System32\WS2_32.dll
0x00007ff99c1a0000 - 0x00007ff99c1cd000 	C:\Windows\SYSTEM32\winmmbase.dll
0x00007ff9a32b0000 - 0x00007ff9a32fa000 	C:\Windows\System32\cfgmgr32.dll
0x00007ff9a2880000 - 0x00007ff9a2891000 	C:\Windows\System32\kernel.appcore.dll
0x00007ff98f6d0000 - 0x00007ff98f6e1000 	C:\Program Files\Android\Android Studio\jre\bin\verify.dll
0x00007ff98d730000 - 0x00007ff98d924000 	C:\Windows\SYSTEM32\DBGHELP.DLL
0x00007ff98d700000 - 0x00007ff98d72a000 	C:\Windows\SYSTEM32\dbgcore.DLL
0x00007ff980b60000 - 0x00007ff980b89000 	C:\Program Files\Android\Android Studio\jre\bin\java.dll
0x00007ff98dc90000 - 0x00007ff98dc9b000 	C:\Program Files\Android\Android Studio\jre\bin\jimage.dll
0x00007ff9837e0000 - 0x00007ff9837f8000 	C:\Program Files\Android\Android Studio\jre\bin\zip.dll
0x00007ff9a4100000 - 0x00007ff9a47e5000 	C:\Windows\System32\SHELL32.dll
0x00007ff9a5540000 - 0x00007ff9a55e9000 	C:\Windows\System32\shcore.dll
0x00007ff9a2b00000 - 0x00007ff9a327f000 	C:\Windows\System32\windows.storage.dll
0x00007ff9a28c0000 - 0x00007ff9a28df000 	C:\Windows\System32\profapi.dll
0x00007ff9a28e0000 - 0x00007ff9a292a000 	C:\Windows\System32\powrprof.dll
0x00007ff9a2870000 - 0x00007ff9a2880000 	C:\Windows\System32\UMPDC.dll
0x00007ff9a5150000 - 0x00007ff9a51a2000 	C:\Windows\System32\shlwapi.dll
0x00007ff9a2930000 - 0x00007ff9a2947000 	C:\Windows\System32\cryptsp.dll
0x00007ff97fd90000 - 0x00007ff97fdaa000 	C:\Program Files\Android\Android Studio\jre\bin\net.dll
0x00007ff993470000 - 0x00007ff993560000 	C:\Windows\SYSTEM32\WINHTTP.dll
0x00007ff9a20e0000 - 0x00007ff9a2147000 	C:\Windows\system32\mswsock.dll
0x00007ff97fd70000 - 0x00007ff97fd84000 	C:\Program Files\Android\Android Studio\jre\bin\nio.dll
0x00007ff98f930000 - 0x00007ff98f957000 	C:\Users\lenovo\.gradle\native\e1d6ef7f7dcc3fd88c89a11ec53ec762bb8ba0a96d01ffa2cd45eb1d1d8dd5c5\windows-amd64\native-platform.dll
0x00007ff9793e0000 - 0x00007ff979524000 	C:\Users\lenovo\.gradle\native\5664cfc778a61ccfe75a443a1ab52a65af34e5dc3c78e0209fed803814484fcb\windows-amd64\native-platform-file-events.dll
0x00007ff98d970000 - 0x00007ff98d97a000 	C:\Program Files\Android\Android Studio\jre\bin\management.dll
0x00007ff98d930000 - 0x00007ff98d93d000 	C:\Program Files\Android\Android Studio\jre\bin\management_ext.dll
0x00007ff9a1c50000 - 0x00007ff9a1c83000 	C:\Windows\system32\rsaenh.dll
0x00007ff9a3280000 - 0x00007ff9a32a6000 	C:\Windows\System32\bcrypt.dll
0x00007ff9a2760000 - 0x00007ff9a2785000 	C:\Windows\SYSTEM32\USERENV.dll
0x00007ff9a22b0000 - 0x00007ff9a22bc000 	C:\Windows\SYSTEM32\CRYPTBASE.dll
0x00007ff9a1df0000 - 0x00007ff9a1e2a000 	C:\Windows\SYSTEM32\IPHLPAPI.DLL
0x00007ff9a4e00000 - 0x00007ff9a4e08000 	C:\Windows\System32\NSI.dll
0x00007ff99ae70000 - 0x00007ff99ae86000 	C:\Windows\SYSTEM32\dhcpcsvc6.DLL
0x00007ff99b540000 - 0x00007ff99b55c000 	C:\Windows\SYSTEM32\dhcpcsvc.DLL
0x00007ff9a1e30000 - 0x00007ff9a1efa000 	C:\Windows\SYSTEM32\DNSAPI.dll
0x00007ff979530000 - 0x00007ff979557000 	C:\Program Files\Android\Android Studio\jre\bin\sunec.dll
0x00007ff992600000 - 0x00007ff99260a000 	C:\Windows\System32\rasadhlp.dll
0x00007ff999d90000 - 0x00007ff999e07000 	C:\Windows\System32\fwpuclnt.dll
0x00007ff9a18d0000 - 0x00007ff9a1901000 	C:\Windows\SYSTEM32\ntmarta.dll
0x00007ff95bc30000 - 0x00007ff95bdd5000 	C:\Program Files\Android\Android Studio\jre\bin\awt.dll
0x00007ff9a5080000 - 0x00007ff9a5144000 	C:\Windows\System32\OLEAUT32.dll
0x00007ff9a1010000 - 0x00007ff9a103d000 	C:\Windows\SYSTEM32\dwmapi.dll
0x00007ff9a0a10000 - 0x00007ff9a0a9f000 	C:\Windows\SYSTEM32\apphelp.dll
0x00007ff9a0b50000 - 0x00007ff9a0be9000 	C:\Windows\system32\uxtheme.dll

dbghelp: loaded successfully - version: 4.0.5 - missing functions: none
symbol engine: initialized successfully - sym options: 0x614 - pdb path: .;C:\Program Files\Android\Android Studio\jre\bin;C:\Windows\SYSTEM32;C:\Windows\WinSxS\amd64_microsoft.windows.common-controls_6595b64144ccf1df_6.0.18362.418_none_e6c6b287130d565d;C:\Program Files\Android\Android Studio\jre\bin\server;C:\Users\lenovo\.gradle\native\e1d6ef7f7dcc3fd88c89a11ec53ec762bb8ba0a96d01ffa2cd45eb1d1d8dd5c5\windows-amd64;C:\Users\lenovo\.gradle\native\5664cfc778a61ccfe75a443a1ab52a65af34e5dc3c78e0209fed803814484fcb\windows-amd64

VM Arguments:
jvm_args: -XX:MaxMetaspaceSize=256m -XX:+HeapDumpOnOutOfMemoryError --add-opens=java.base/java.util=ALL-UNNAMED --add-opens=java.base/java.lang=ALL-UNNAMED --add-opens=java.base/java.lang.invoke=ALL-UNNAMED --add-opens=java.base/java.util=ALL-UNNAMED --add-opens=java.prefs/java.util.prefs=ALL-UNNAMED --add-opens=java.prefs/java.util.prefs=ALL-UNNAMED --add-opens=java.base/java.nio.charset=ALL-UNNAMED --add-opens=java.base/java.net=ALL-UNNAMED --add-opens=java.base/java.util.concurrent.atomic=ALL-UNNAMED -Xms256m -Xmx512m -Dfile.encoding=windows-1252 -Duser.country=IN -Duser.language=en -Duser.variant 
java_command: org.gradle.launcher.daemon.bootstrap.GradleDaemon 7.3.3
java_class_path (initial): C:\Users\lenovo\.gradle\wrapper\dists\gradle-7.3.3-all\4295vidhdd9hd3gbjyw1xqxpo\gradle-7.3.3\lib\gradle-launcher-7.3.3.jar
Launcher Type: SUN_STANDARD

[Global flags]
     intx CICompilerCount                          = 4                                         {product} {ergonomic}
   size_t CompressedClassSpaceSize                 = 260046848                                 {product} {ergonomic}
     uint ConcGCThreads                            = 2                                         {product} {ergonomic}
     uint G1ConcRefinementThreads                  = 8                                         {product} {ergonomic}
   size_t G1HeapRegionSize                         = 1048576                                   {product} {ergonomic}
    uintx GCDrainStackTargetSize                   = 64                                        {product} {ergonomic}
     bool HeapDumpOnOutOfMemoryError               = true                                   {manageable} {command line}
   size_t InitialHeapSize                          = 268435456                                 {product} {command line}
   size_t MarkStackSize                            = 4194304                                   {product} {ergonomic}
   size_t MaxHeapSize                              = 536870912                                 {product} {command line}
   size_t MaxMetaspaceSize                         = 268435456                                 {product} {command line}
   size_t MaxNewSize                               = 321912832                                 {product} {ergonomic}
   size_t MinHeapDeltaBytes                        = 1048576                                   {product} {ergonomic}
    uintx NonNMethodCodeHeapSize                   = 5836300                                {pd product} {ergonomic}
    uintx NonProfiledCodeHeapSize                  = 122910970                              {pd product} {ergonomic}
    uintx ProfiledCodeHeapSize                     = 122910970                              {pd product} {ergonomic}
    uintx ReservedCodeCacheSize                    = 251658240                              {pd product} {ergonomic}
     bool SegmentedCodeCache                       = true                                      {product} {ergonomic}
     bool UseCompressedClassPointers               = true                                 {lp64_product} {ergonomic}
     bool UseCompressedOops                        = true                                 {lp64_product} {ergonomic}
     bool UseG1GC                                  = true                                      {product} {ergonomic}
     bool UseLargePagesIndividualAllocation        = false                                  {pd product} {ergonomic}

Logging:
Log output configuration:
 #0: stdout all=warning uptime,level,tags
 #1: stderr all=off uptime,level,tags

Environment Variables:
PATH=C:\Program Files\Common Files\Oracle\Java\javapath;C:\Windows\system32;C:\Windows;C:\Windows\System32\Wbem;C:\Windows\System32\WindowsPowerShell\v1.0\;C:\Windows\System32\OpenSSH\;C:\Users\lenovo\AppData\Local\Microsoft\WindowsApps;C:\Users\lenovo\AppData\Local\Programs\Microsoft VS Code\bin;C:\MinGW\bin;
USERNAME=lenovo
OS=Windows_NT
PROCESSOR_IDENTIFIER=Intel64 Family 6 Model 158 Stepping 10, GenuineIntel



---------------  S Y S T E M  ---------------

OS: Windows 10 , 64 bit Build 18362 (10.0.18362.329)
OS uptime: 0 days 1:07 hours

CPU:total 8 (initial active 8) (4 cores per cpu, 2 threads per core) family 6 model 158 stepping 10 microcode 0xde, cmov, cx8, fxsr, mmx, sse, sse2, sse3, ssse3, sse4.1, sse4.2, popcnt, avx, avx2, aes, clmul, erms, 3dnowpref, lzcnt, ht, tsc, tscinvbit, bmi1, bmi2, adx, fma

Memory: 4k page, system-wide physical 8066M (809M free)
TotalPageFile size 10922M (AvailPageFile size 7M)
current process WorkingSet (physical memory assigned to process): 613M, peak: 615M
current process commit charge ("private bytes"): 732M, peak: 736M

vm_info: OpenJDK 64-Bit Server VM (11.0.12+7-b1504.28-7817840) for windows-amd64 JRE (11.0.12+7-b1504.28-7817840), built on Oct 13 2021 22:12:33 by "builder" with MS VC++ 14.0 (VS2015)

END.
